{"meta": {"format": 3, "version": "7.15.4", "timestamp": "2026-08-26T01:42:51.791034", "branch_coverage": false, "show_contexts": false}, "files": {"pipeline/src/parking_pipeline/__init__.py": {"executed_lines": [], "summary": {"covered_lines": 0, "num_statements": 0, "percent_covered": 100.0, "percent_covered_display": "100", "missing_lines": 0, "excluded_lines": 0, "percent_statements_covered": 100.0, "percent_statements_covered_display": "100"}, "missing_lines": [], "excluded_lines": [], "functions": {"": {"executed_lines": [], "summary": {"covered_lines": 0, "num_statements": 0, "percent_covered": 100.0, "percent_covered_display": "100", "missing_lines": 0, "excluded_lines": 0, "percent_statements_covered": 100.0, "percent_statements_covered_display": "100"}, "missing_lines": [], "excluded_lines": [], "start_line": 1}}, "classes": {"": {"executed_lines": [], "summary": {"covered_lines": 0, "num_statements": 0, "percent_covered": 100.0, "percent_covered_display": "100", "missing_lines": 0, "excluded_lines": 0, "percent_statements_covered": 100.0, "percent_statements_covered_display": "100"}, "missing_lines": [], "excluded_lines": [], "start_line": 1}}}, "pipeline/src/parking_pipeline/between_patterns.py": {"executed_lines": [], "summary": {"covered_lines": 0, "num_statements": 31, "percent_covered": 0.0, "percent_covered_display": "0", "missing_lines": 31, "excluded_lines": 0, "percent_statements_covered": 0.0, "percent_statements_covered_display": "0"}, "missing_lines": [3, 5, 7, 8, 12, 13, 14, 15, 18, 20, 25, 26, 27, 28, 29, 35, 40, 44, 45, 46, 47, 48, 53, 60, 61, 62, 63, 64, 65, 66, 67], "excluded_lines": [], "functions": {"": {"executed_lines": [], "summary": {"covered_lines": 0, "num_statements": 31, "percent_covered": 0.0, "percent_covered_display": "0", "missing_lines": 31, "excluded_lines": 0, "percent_statements_covered": 0.0, "percent_statements_covered_display": "0"}, "missing_lines": [3, 5, 7, 8, 12, 13, 14, 15, 18, 20, 25, 26, 27, 28, 29, 35, 40, 44, 45, 46, 47, 48, 53, 60, 61, 62, 63, 64, 65, 66, 67], "excluded_lines": [], "start_line": 1}}, "classes": {"": {"executed_lines": [], "summary": {"covered_lines": 0, "num_statements": 31, "percent_covered": 0.0, "percent_covered_display": "0", "missing_lines": 31, "excluded_lines": 0, "percent_statements_covered": 0.0, "percent_statements_covered_display": "0"}, "missing_lines": [3, 5, 7, 8, 12, 13, 14, 15, 18, 20, 25, 26, 27, 28, 29, 35, 40, 44, 45, 46, 47, 48, 53, 60, 61, 62, 63, 64, 65, 66, 67], "excluded_lines": [], "start_line": 1}}}, "pipeline/src/parking_pipeline/bylaw_text.py": {"executed_lines": [], "summary": {"covered_lines": 0, "num_statements": 47, "percent_covered": 0.0, "percent_covered_display": "0", "missing_lines": 47, "excluded_lines": 0, "percent_statements_covered": 0.0, "percent_statements_covered_display": "0"}, "missing_lines": [3, 5, 7, 17, 19, 20, 21, 22, 28, 29, 35, 36, 42, 48, 49, 55, 61, 62, 63, 64, 65, 66, 67, 68, 69, 70, 71, 72, 78, 79, 85, 91, 92, 93, 99, 105, 106, 107, 108, 109, 115, 121, 127, 134, 140, 141, 142], "excluded_lines": [], "functions": {"preprocess_between": {"executed_lines": [], "summary": {"covered_lines": 0, "num_statements": 43, "percent_covered": 0.0, "percent_covered_display": "0", "missing_lines": 43, "excluded_lines": 0, "percent_statements_covered": 0.0, "percent_statements_covered_display": "0"}, "missing_lines": [19, 20, 21, 22, 28, 29, 35, 36, 42, 48, 49, 55, 61, 62, 63, 64, 65, 66, 67, 68, 69, 70, 71, 72, 78, 79, 85, 91, 92, 93, 99, 105, 106, 107, 108, 109, 115, 121, 127, 134, 140, 141, 142], "excluded_lines": [], "start_line": 17}, "": {"executed_lines": [], "summary": {"covered_lines": 0, "num_statements": 4, "percent_covered": 0.0, "percent_covered_display": "0", "missing_lines": 4, "excluded_lines": 0, "percent_statements_covered": 0.0, "percent_statements_covered_display": "0"}, "missing_lines": [3, 5, 7, 17], "excluded_lines": [], "start_line": 1}}, "classes": {"": {"executed_lines": [], "summary": {"covered_lines": 0, "num_statements": 47, "percent_covered": 0.0, "percent_covered_display": "0", "missing_lines": 47, "excluded_lines": 0, "percent_statements_covered": 0.0, "percent_statements_covered_display": "0"}, "missing_lines": [3, 5, 7, 17, 19, 20, 21, 22, 28, 29, 35, 36, 42, 48, 49, 55, 61, 62, 63, 64, 65, 66, 67, 68, 69, 70, 71, 72, 78, 79, 85, 91, 92, 93, 99, 105, 106, 107, 108, 109, 115, 121, 127, 134, 140, 141, 142], "excluded_lines": [], "start_line": 1}}}, "pipeline/src/parking_pipeline/clean_data.py": {"executed_lines": [], "summary": {"covered_lines": 0, "num_statements": 136, "percent_covered": 0.0, "percent_covered_display": "0", "missing_lines": 136, "excluded_lines": 0, "percent_statements_covered": 0.0, "percent_statements_covered_display": "0"}, "missing_lines": [3, 5, 6, 7, 8, 9, 10, 12, 14, 15, 16, 18, 22, 41, 44, 57, 58, 59, 60, 72, 82, 83, 84, 85, 86, 88, 89, 90, 93, 94, 97, 98, 99, 100, 103, 105, 106, 109, 110, 111, 112, 113, 114, 115, 116, 117, 118, 120, 121, 123, 128, 129, 131, 132, 134, 137, 139, 140, 141, 142, 143, 144, 145, 146, 147, 148, 149, 152, 153, 156, 157, 169, 171, 172, 174, 175, 176, 177, 178, 180, 181, 182, 183, 185, 187, 190, 192, 193, 197, 199, 203, 204, 206, 209, 211, 212, 218, 226, 227, 228, 229, 230, 231, 232, 233, 234, 237, 238, 240, 242, 243, 244, 249, 254, 255, 257, 258, 259, 260, 261, 263, 264, 265, 266, 268, 269, 270, 272, 273, 274, 276, 277, 279, 280, 289, 290], "excluded_lines": [], "functions": {"UnpackResult.ok": {"executed_lines": [], "summary": {"covered_lines": 0, "num_statements": 1, "percent_covered": 0.0, "percent_covered_display": "0", "missing_lines": 1, "excluded_lines": 0, "percent_statements_covered": 0.0, "percent_statements_covered_display": "0"}, "missing_lines": [90], "excluded_lines": [], "start_line": 89}, "schedule_category": {"executed_lines": [], "summary": {"covered_lines": 0, "num_statements": 1, "percent_covered": 0.0, "percent_covered_display": "0", "missing_lines": 1, "excluded_lines": 0, "percent_statements_covered": 0.0, "percent_statements_covered_display": "0"}, "missing_lines": [94], "excluded_lines": [], "start_line": 93}, "_is_blank": {"executed_lines": [], "summary": {"covered_lines": 0, "num_statements": 3, "percent_covered": 0.0, "percent_covered_display": "0", "missing_lines": 3, "excluded_lines": 0, "percent_statements_covered": 0.0, "percent_statements_covered_display": "0"}, "missing_lines": [98, 99, 100], "excluded_lines": [], "start_line": 97}, "unpack_bylaw_table": {"executed_lines": [], "summary": {"covered_lines": 0, "num_statements": 20, "percent_covered": 0.0, "percent_covered_display": "0", "missing_lines": 20, "excluded_lines": 0, "percent_statements_covered": 0.0, "percent_statements_covered_display": "0"}, "missing_lines": [105, 106, 109, 110, 111, 112, 113, 114, 115, 116, 117, 118, 120, 121, 123, 128, 129, 131, 132, 134], "excluded_lines": [], "start_line": 103}, "prohibited_times": {"executed_lines": [], "summary": {"covered_lines": 0, "num_statements": 11, "percent_covered": 0.0, "percent_covered_display": "0", "missing_lines": 11, "excluded_lines": 0, "percent_statements_covered": 0.0, "percent_statements_covered_display": "0"}, "missing_lines": [139, 140, 141, 142, 143, 144, 145, 146, 147, 148, 149], "excluded_lines": [], "start_line": 137}, "_norm_cell": {"executed_lines": [], "summary": {"covered_lines": 0, "num_statements": 1, "percent_covered": 0.0, "percent_covered_display": "0", "missing_lines": 1, "excluded_lines": 0, "percent_statements_covered": 0.0, "percent_statements_covered_display": "0"}, "missing_lines": [153], "excluded_lines": [], "start_line": 152}, "_clean_row": {"executed_lines": [], "summary": {"covered_lines": 0, "num_statements": 1, "percent_covered": 0.0, "percent_covered_display": "0", "missing_lines": 1, "excluded_lines": 0, "percent_statements_covered": 0.0, "percent_statements_covered_display": "0"}, "missing_lines": [157], "excluded_lines": [], "start_line": 156}, "unpack_rows": {"executed_lines": [], "summary": {"covered_lines": 0, "num_statements": 13, "percent_covered": 0.0, "percent_covered_display": "0", "missing_lines": 13, "excluded_lines": 0, "percent_statements_covered": 0.0, "percent_statements_covered_display": "0"}, "missing_lines": [171, 172, 174, 175, 176, 177, 178, 180, 181, 182, 183, 185, 187], "excluded_lines": [], "start_line": 169}, "deduplicate_rules": {"executed_lines": [], "summary": {"covered_lines": 0, "num_statements": 7, "percent_covered": 0.0, "percent_covered_display": "0", "missing_lines": 7, "excluded_lines": 0, "percent_statements_covered": 0.0, "percent_statements_covered_display": "0"}, "missing_lines": [192, 193, 197, 199, 203, 204, 206], "excluded_lines": [], "start_line": 190}, "load_active_rules": {"executed_lines": [], "summary": {"covered_lines": 0, "num_statements": 2, "percent_covered": 0.0, "percent_covered_display": "0", "missing_lines": 2, "excluded_lines": 0, "percent_statements_covered": 0.0, "percent_statements_covered_display": "0"}, "missing_lines": [211, 212], "excluded_lines": [], "start_line": 209}, "_print_summary": {"executed_lines": [], "summary": {"covered_lines": 0, "num_statements": 9, "percent_covered": 0.0, "percent_covered_display": "0", "missing_lines": 9, "excluded_lines": 0, "percent_statements_covered": 0.0, "percent_statements_covered_display": "0"}, "missing_lines": [226, 227, 228, 229, 230, 231, 232, 233, 234], "excluded_lines": [], "start_line": 218}, "main": {"executed_lines": [], "summary": {"covered_lines": 0, "num_statements": 27, "percent_covered": 0.0, "percent_covered_display": "0", "missing_lines": 27, "excluded_lines": 0, "percent_statements_covered": 0.0, "percent_statements_covered_display": "0"}, "missing_lines": [238, 240, 242, 243, 244, 249, 254, 255, 257, 258, 259, 260, 261, 263, 264, 265, 266, 268, 269, 270, 272, 273, 274, 276, 277, 279, 280], "excluded_lines": [], "start_line": 237}, "": {"executed_lines": [], "summary": {"covered_lines": 0, "num_statements": 40, "percent_covered": 0.0, "percent_covered_display": "0", "missing_lines": 40, "excluded_lines": 0, "percent_statements_covered": 0.0, "percent_statements_covered_display": "0"}, "missing_lines": [3, 5, 6, 7, 8, 9, 10, 12, 14, 15, 16, 18, 22, 41, 44, 57, 58, 59, 60, 72, 82, 83, 84, 85, 86, 88, 89, 93, 97, 103, 137, 152, 156, 169, 190, 209, 218, 237, 289, 290], "excluded_lines": [], "start_line": 1}}, "classes": {"UnpackResult": {"executed_lines": [], "summary": {"covered_lines": 0, "num_statements": 1, "percent_covered": 0.0, "percent_covered_display": "0", "missing_lines": 1, "excluded_lines": 0, "percent_statements_covered": 0.0, "percent_statements_covered_display": "0"}, "missing_lines": [90], "excluded_lines": [], "start_line": 83}, "": {"executed_lines": [], "summary": {"covered_lines": 0, "num_statements": 135, "percent_covered": 0.0, "percent_covered_display": "0", "missing_lines": 135, "excluded_lines": 0, "percent_statements_covered": 0.0, "percent_statements_covered_display": "0"}, "missing_lines": [3, 5, 6, 7, 8, 9, 10, 12, 14, 15, 16, 18, 22, 41, 44, 57, 58, 59, 60, 72, 82, 83, 84, 85, 86, 88, 89, 93, 94, 97, 98, 99, 100, 103, 105, 106, 109, 110, 111, 112, 113, 114, 115, 116, 117, 118, 120, 121, 123, 128, 129, 131, 132, 134, 137, 139, 140, 141, 142, 143, 144, 145, 146, 147, 148, 149, 152, 153, 156, 157, 169, 171, 172, 174, 175, 176, 177, 178, 180, 181, 182, 183, 185, 187, 190, 192, 193, 197, 199, 203, 204, 206, 209, 211, 212, 218, 226, 227, 228, 229, 230, 231, 232, 233, 234, 237, 238, 240, 242, 243, 244, 249, 254, 255, 257, 258, 259, 260, 261, 263, 264, 265, 266, 268, 269, 270, 272, 273, 274, 276, 277, 279, 280, 289, 290], "excluded_lines": [], "start_line": 1}}}, "pipeline/src/parking_pipeline/curb_geometry.py": {"executed_lines": [], "summary": {"covered_lines": 0, "num_statements": 790, "percent_covered": 0.0, "percent_covered_display": "0", "missing_lines": 790, "excluded_lines": 0, "percent_statements_covered": 0.0, "percent_statements_covered_display": "0"}, "missing_lines": [10, 12, 13, 14, 15, 16, 17, 18, 19, 21, 22, 23, 24, 25, 26, 27, 29, 34, 35, 37, 39, 40, 41, 42, 43, 45, 46, 47, 51, 53, 54, 55, 56, 58, 59, 60, 61, 62, 63, 64, 65, 66, 68, 69, 71, 82, 83, 86, 87, 90, 91, 92, 93, 94, 95, 96, 97, 98, 99, 100, 103, 104, 107, 108, 109, 111, 117, 118, 119, 120, 121, 122, 123, 124, 125, 126, 127, 130, 131, 132, 133, 134, 135, 136, 137, 138, 139, 142, 143, 144, 145, 146, 147, 148, 149, 150, 151, 152, 155, 157, 158, 159, 160, 161, 162, 163, 166, 167, 168, 169, 172, 174, 175, 176, 177, 178, 181, 196, 197, 198, 199, 200, 207, 208, 209, 211, 212, 213, 223, 228, 230, 244, 245, 248, 256, 257, 258, 259, 260, 261, 262, 263, 264, 268, 271, 272, 273, 274, 275, 276, 277, 278, 279, 280, 281, 282, 283, 284, 285, 286, 287, 288, 289, 290, 291, 292, 293, 294, 295, 296, 297, 298, 300, 301, 302, 310, 311, 323, 335, 336, 338, 339, 340, 341, 342, 343, 344, 345, 347, 348, 357, 358, 359, 361, 362, 363, 364, 365, 367, 369, 370, 381, 383, 384, 385, 386, 399, 413, 417, 418, 419, 420, 421, 422, 423, 425, 426, 427, 428, 429, 430, 431, 432, 433, 434, 435, 437, 438, 439, 440, 441, 442, 443, 444, 447, 451, 452, 454, 455, 456, 461, 462, 463, 464, 467, 468, 481, 491, 492, 493, 495, 496, 499, 500, 501, 502, 503, 505, 506, 512, 513, 514, 515, 516, 517, 519, 520, 523, 524, 525, 526, 527, 529, 530, 531, 532, 533, 534, 535, 536, 537, 538, 540, 541, 542, 543, 544, 546, 547, 548, 549, 550, 551, 554, 573, 574, 575, 578, 579, 580, 581, 582, 583, 584, 585, 586, 587, 588, 590, 591, 597, 598, 599, 600, 601, 602, 604, 605, 606, 607, 609, 610, 611, 612, 613, 614, 615, 616, 617, 619, 620, 621, 622, 623, 624, 627, 637, 638, 639, 640, 659, 660, 673, 674, 678, 679, 692, 706, 713, 719, 730, 731, 734, 748, 751, 752, 753, 754, 755, 756, 757, 758, 759, 760, 762, 763, 764, 765, 766, 767, 768, 769, 770, 771, 772, 773, 774, 775, 776, 777, 778, 779, 780, 781, 782, 783, 784, 785, 786, 787, 790, 791, 792, 793, 794, 796, 797, 798, 799, 800, 801, 802, 805, 813, 814, 815, 816, 817, 818, 819, 820, 821, 822, 823, 824, 825, 826, 827, 828, 829, 830, 831, 832, 842, 845, 851, 852, 853, 854, 855, 856, 857, 858, 859, 862, 863, 864, 865, 866, 867, 868, 869, 870, 871, 874, 876, 877, 878, 879, 880, 881, 882, 883, 884, 885, 895, 898, 899, 900, 901, 902, 903, 904, 905, 906, 907, 908, 909, 910, 911, 912, 913, 914, 915, 916, 917, 920, 921, 922, 923, 924, 925, 926, 927, 928, 929, 930, 931, 932, 933, 934, 935, 938, 939, 940, 941, 942, 943, 944, 945, 946, 948, 949, 952, 953, 954, 955, 956, 957, 958, 959, 960, 961, 962, 968, 969, 970, 973, 974, 975, 976, 977, 978, 979, 980, 981, 982, 983, 986, 992, 993, 994, 995, 996, 999, 1000, 1001, 1002, 1003, 1004, 1007, 1014, 1015, 1016, 1021, 1022, 1023, 1024, 1025, 1026, 1027, 1028, 1029, 1030, 1031, 1035, 1039, 1040, 1041, 1042, 1045, 1046, 1047, 1048, 1049, 1050, 1051, 1052, 1053, 1054, 1055, 1056, 1057, 1058, 1061, 1065, 1066, 1067, 1068, 1069, 1070, 1073, 1074, 1075, 1076, 1077, 1078, 1079, 1080, 1081, 1082, 1085, 1086, 1087, 1088, 1089, 1090, 1093, 1094, 1095, 1096, 1097, 1098, 1099, 1100, 1101, 1102, 1103, 1106, 1107, 1108, 1109, 1110, 1111, 1112, 1113, 1114, 1117, 1121, 1122, 1123, 1124, 1125, 1126, 1127, 1128, 1129, 1130, 1132, 1133, 1134, 1135, 1136, 1137, 1138, 1139, 1140, 1141, 1142, 1143, 1158, 1164, 1165, 1168, 1175, 1176, 1190, 1191, 1192, 1193, 1194, 1195, 1196, 1197, 1198, 1213, 1214, 1215, 1216, 1217, 1220, 1221, 1222, 1223, 1224, 1225, 1226, 1227, 1228, 1229, 1230, 1231, 1232, 1235, 1236, 1237, 1238, 1239, 1240, 1241, 1242, 1243, 1244, 1245, 1246, 1247, 1248, 1249, 1250, 1251, 1254, 1255, 1256, 1257, 1258, 1259, 1260, 1261, 1262, 1263, 1264, 1265, 1266, 1267, 1268, 1269, 1270, 1271, 1272, 1273, 1276, 1277, 1278, 1279, 1280, 1281, 1282, 1283, 1284, 1285, 1286, 1287, 1288, 1289, 1290, 1291, 1292, 1293, 1296, 1300, 1301, 1302, 1303, 1304, 1305, 1306, 1307, 1308, 1309, 1312, 1313, 1314, 1315, 1316, 1317, 1320, 1321, 1322, 1323, 1324, 1327, 1328, 1329, 1330, 1331, 1332, 1333, 1334, 1335, 1338, 1339, 1340, 1341, 1342, 1343, 1344, 1345, 1346, 1349, 1350, 1351, 1352, 1353, 1354, 1355, 1356, 1359, 1360, 1361, 1362, 1363, 1364, 1365, 1366, 1367, 1368, 1369, 1370, 1373, 1374], "excluded_lines": [], "functions": {"OffsetCalibration.distance_for": {"executed_lines": [], "summary": {"covered_lines": 0, "num_statements": 11, "percent_covered": 0.0, "percent_covered_display": "0", "missing_lines": 11, "excluded_lines": 0, "percent_statements_covered": 0.0, "percent_statements_covered_display": "0"}, "missing_lines": [117, 118, 119, 120, 121, 122, 123, 124, 125, 126, 127], "excluded_lines": [], "start_line": 111}, "flatten_line_geometry": {"executed_lines": [], "summary": {"covered_lines": 0, "num_statements": 7, "percent_covered": 0.0, "percent_covered_display": "0", "missing_lines": 7, "excluded_lines": 0, "percent_statements_covered": 0.0, "percent_statements_covered_display": "0"}, "missing_lines": [157, 158, 159, 160, 161, 162, 163], "excluded_lines": [], "start_line": 155}, "iter_line_parts": {"executed_lines": [], "summary": {"covered_lines": 0, "num_statements": 3, "percent_covered": 0.0, "percent_covered_display": "0", "missing_lines": 3, "excluded_lines": 0, "percent_statements_covered": 0.0, "percent_statements_covered_display": "0"}, "missing_lines": [167, 168, 169], "excluded_lines": [], "start_line": 166}, "displacement_compass": {"executed_lines": [], "summary": {"covered_lines": 0, "num_statements": 5, "percent_covered": 0.0, "percent_covered_display": "0", "missing_lines": 5, "excluded_lines": 0, "percent_statements_covered": 0.0, "percent_statements_covered_display": "0"}, "missing_lines": [174, 175, 176, 177, 178], "excluded_lines": [], "start_line": 172}, "resolve_curb_geometry": {"executed_lines": [], "summary": {"covered_lines": 0, "num_statements": 16, "percent_covered": 0.0, "percent_covered_display": "0", "missing_lines": 16, "excluded_lines": 0, "percent_statements_covered": 0.0, "percent_statements_covered_display": "0"}, "missing_lines": [196, 197, 198, 199, 200, 207, 208, 209, 211, 212, 213, 223, 228, 230, 244, 245], "excluded_lines": [], "start_line": 181}, "write_curb_geometry_qa": {"executed_lines": [], "summary": {"covered_lines": 0, "num_statements": 10, "percent_covered": 0.0, "percent_covered_display": "0", "missing_lines": 10, "excluded_lines": 0, "percent_statements_covered": 0.0, "percent_statements_covered_display": "0"}, "missing_lines": [256, 257, 258, 259, 260, 261, 262, 263, 264, 268], "excluded_lines": [], "start_line": 248}, "build_qa_summary": {"executed_lines": [], "summary": {"covered_lines": 0, "num_statements": 32, "percent_covered": 0.0, "percent_covered_display": "0", "missing_lines": 32, "excluded_lines": 0, "percent_statements_covered": 0.0, "percent_statements_covered_display": "0"}, "missing_lines": [272, 273, 274, 275, 276, 277, 278, 279, 280, 281, 282, 283, 284, 285, 286, 287, 288, 289, 290, 291, 292, 293, 294, 295, 296, 297, 298, 300, 301, 302, 310, 311], "excluded_lines": [], "start_line": 271}, "_resolve_part": {"executed_lines": [], "summary": {"covered_lines": 0, "num_statements": 29, "percent_covered": 0.0, "percent_covered_display": "0", "missing_lines": 29, "excluded_lines": 0, "percent_statements_covered": 0.0, "percent_statements_covered_display": "0"}, "missing_lines": [335, 336, 338, 339, 340, 341, 342, 343, 344, 345, 347, 348, 357, 358, 359, 361, 362, 363, 364, 365, 367, 369, 370, 381, 383, 384, 385, 386, 399], "excluded_lines": [], "start_line": 323}, "_extract_measured_tracks": {"executed_lines": [], "summary": {"covered_lines": 0, "num_statements": 38, "percent_covered": 0.0, "percent_covered_display": "0", "missing_lines": 38, "excluded_lines": 0, "percent_statements_covered": 0.0, "percent_statements_covered_display": "0"}, "missing_lines": [417, 418, 419, 420, 421, 422, 423, 425, 426, 427, 428, 429, 430, 431, 432, 433, 434, 435, 437, 438, 439, 440, 441, 442, 443, 444, 447, 451, 452, 454, 455, 456, 461, 462, 463, 464, 467, 468], "excluded_lines": [], "start_line": 413}, "_select_from_measured": {"executed_lines": [], "summary": {"covered_lines": 0, "num_statements": 46, "percent_covered": 0.0, "percent_covered_display": "0", "missing_lines": 46, "excluded_lines": 0, "percent_statements_covered": 0.0, "percent_statements_covered_display": "0"}, "missing_lines": [491, 492, 493, 495, 496, 499, 500, 501, 502, 503, 505, 506, 512, 513, 514, 515, 516, 517, 519, 520, 523, 524, 525, 526, 527, 529, 530, 531, 532, 533, 534, 535, 536, 537, 538, 540, 541, 542, 543, 544, 546, 547, 548, 549, 550, 551], "excluded_lines": [], "start_line": 481}, "_offset_fallback": {"executed_lines": [], "summary": {"covered_lines": 0, "num_statements": 41, "percent_covered": 0.0, "percent_covered_display": "0", "missing_lines": 41, "excluded_lines": 0, "percent_statements_covered": 0.0, "percent_statements_covered_display": "0"}, "missing_lines": [573, 574, 575, 578, 579, 580, 581, 582, 583, 584, 585, 586, 587, 588, 590, 591, 597, 598, 599, 600, 601, 602, 604, 605, 606, 607, 609, 610, 611, 612, 613, 614, 615, 616, 617, 619, 620, 621, 622, 623, 624], "excluded_lines": [], "start_line": 554}, "_apply_override": {"executed_lines": [], "summary": {"covered_lines": 0, "num_statements": 11, "percent_covered": 0.0, "percent_covered_display": "0", "missing_lines": 11, "excluded_lines": 0, "percent_statements_covered": 0.0, "percent_statements_covered_display": "0"}, "missing_lines": [637, 638, 639, 640, 659, 660, 673, 674, 678, 679, 692], "excluded_lines": [], "start_line": 627}, "_offset_fallback_result": {"executed_lines": [], "summary": {"covered_lines": 0, "num_statements": 5, "percent_covered": 0.0, "percent_covered_display": "0", "missing_lines": 5, "excluded_lines": 0, "percent_statements_covered": 0.0, "percent_statements_covered_display": "0"}, "missing_lines": [713, 719, 730, 731, 734], "excluded_lines": [], "start_line": 706}, "_chainage_samples": {"executed_lines": [], "summary": {"covered_lines": 0, "num_statements": 36, "percent_covered": 0.0, "percent_covered_display": "0", "missing_lines": 36, "excluded_lines": 0, "percent_statements_covered": 0.0, "percent_statements_covered_display": "0"}, "missing_lines": [751, 752, 753, 754, 755, 756, 757, 758, 759, 760, 762, 763, 764, 765, 766, 767, 768, 769, 770, 771, 772, 773, 774, 775, 776, 777, 778, 779, 780, 781, 782, 783, 784, 785, 786, 787], "excluded_lines": [], "start_line": 748}, "_smoothed_tangent": {"executed_lines": [], "summary": {"covered_lines": 0, "num_statements": 11, "percent_covered": 0.0, "percent_covered_display": "0", "missing_lines": 11, "excluded_lines": 0, "percent_statements_covered": 0.0, "percent_statements_covered_display": "0"}, "missing_lines": [791, 792, 793, 794, 796, 797, 798, 799, 800, 801, 802], "excluded_lines": [], "start_line": 790}, "_ray_hit": {"executed_lines": [], "summary": {"covered_lines": 0, "num_statements": 21, "percent_covered": 0.0, "percent_covered_display": "0", "missing_lines": 21, "excluded_lines": 0, "percent_statements_covered": 0.0, "percent_statements_covered_display": "0"}, "missing_lines": [813, 814, 815, 816, 817, 818, 819, 820, 821, 822, 823, 824, 825, 826, 827, 828, 829, 830, 831, 832, 842], "excluded_lines": [], "start_line": 805}, "_intersection_blocks": {"executed_lines": [], "summary": {"covered_lines": 0, "num_statements": 9, "percent_covered": 0.0, "percent_covered_display": "0", "missing_lines": 9, "excluded_lines": 0, "percent_statements_covered": 0.0, "percent_statements_covered_display": "0"}, "missing_lines": [851, 852, 853, 854, 855, 856, 857, 858, 859], "excluded_lines": [], "start_line": 845}, "_hit_on_interior": {"executed_lines": [], "summary": {"covered_lines": 0, "num_statements": 9, "percent_covered": 0.0, "percent_covered_display": "0", "missing_lines": 9, "excluded_lines": 0, "percent_statements_covered": 0.0, "percent_statements_covered_display": "0"}, "missing_lines": [863, 864, 865, 866, 867, 868, 869, 870, 871], "excluded_lines": [], "start_line": 862}, "_fill_isolated_gaps": {"executed_lines": [], "summary": {"covered_lines": 0, "num_statements": 11, "percent_covered": 0.0, "percent_covered_display": "0", "missing_lines": 11, "excluded_lines": 0, "percent_statements_covered": 0.0, "percent_statements_covered_display": "0"}, "missing_lines": [876, 877, 878, 879, 880, 881, 882, 883, 884, 885, 895], "excluded_lines": [], "start_line": 874}, "_reject_offset_jumps": {"executed_lines": [], "summary": {"covered_lines": 0, "num_statements": 19, "percent_covered": 0.0, "percent_covered_display": "0", "missing_lines": 19, "excluded_lines": 0, "percent_statements_covered": 0.0, "percent_statements_covered_display": "0"}, "missing_lines": [899, 900, 901, 902, 903, 904, 905, 906, 907, 908, 909, 910, 911, 912, 913, 914, 915, 916, 917], "excluded_lines": [], "start_line": 898}, "_stitch_runs": {"executed_lines": [], "summary": {"covered_lines": 0, "num_statements": 15, "percent_covered": 0.0, "percent_covered_display": "0", "missing_lines": 15, "excluded_lines": 0, "percent_statements_covered": 0.0, "percent_statements_covered_display": "0"}, "missing_lines": [921, 922, 923, 924, 925, 926, 927, 928, 929, 930, 931, 932, 933, 934, 935], "excluded_lines": [], "start_line": 920}, "_merge_nearby_runs": {"executed_lines": [], "summary": {"covered_lines": 0, "num_statements": 10, "percent_covered": 0.0, "percent_covered_display": "0", "missing_lines": 10, "excluded_lines": 0, "percent_statements_covered": 0.0, "percent_statements_covered_display": "0"}, "missing_lines": [939, 940, 941, 942, 943, 944, 945, 946, 948, 949], "excluded_lines": [], "start_line": 938}, "_runs_to_lines": {"executed_lines": [], "summary": {"covered_lines": 0, "num_statements": 13, "percent_covered": 0.0, "percent_covered_display": "0", "missing_lines": 13, "excluded_lines": 0, "percent_statements_covered": 0.0, "percent_statements_covered_display": "0"}, "missing_lines": [953, 954, 955, 956, 957, 958, 959, 960, 961, 962, 968, 969, 970], "excluded_lines": [], "start_line": 952}, "_direction_score": {"executed_lines": [], "summary": {"covered_lines": 0, "num_statements": 10, "percent_covered": 0.0, "percent_covered_display": "0", "missing_lines": 10, "excluded_lines": 0, "percent_statements_covered": 0.0, "percent_statements_covered_display": "0"}, "missing_lines": [974, 975, 976, 977, 978, 979, 980, 981, 982, 983], "excluded_lines": [], "start_line": 973}, "_pick_wrapping": {"executed_lines": [], "summary": {"covered_lines": 0, "num_statements": 5, "percent_covered": 0.0, "percent_covered_display": "0", "missing_lines": 5, "excluded_lines": 0, "percent_statements_covered": 0.0, "percent_statements_covered_display": "0"}, "missing_lines": [992, 993, 994, 995, 996], "excluded_lines": [], "start_line": 986}, "_direction_set_cover": {"executed_lines": [], "summary": {"covered_lines": 0, "num_statements": 5, "percent_covered": 0.0, "percent_covered_display": "0", "missing_lines": 5, "excluded_lines": 0, "percent_statements_covered": 0.0, "percent_statements_covered_display": "0"}, "missing_lines": [1000, 1001, 1002, 1003, 1004], "excluded_lines": [], "start_line": 999}, "_select_ring": {"executed_lines": [], "summary": {"covered_lines": 0, "num_statements": 19, "percent_covered": 0.0, "percent_covered_display": "0", "missing_lines": 19, "excluded_lines": 0, "percent_statements_covered": 0.0, "percent_statements_covered_display": "0"}, "missing_lines": [1014, 1015, 1016, 1021, 1022, 1023, 1024, 1025, 1026, 1027, 1028, 1029, 1030, 1031, 1035, 1039, 1040, 1041, 1042], "excluded_lines": [], "start_line": 1007}, "_fallback_direction_scores": {"executed_lines": [], "summary": {"covered_lines": 0, "num_statements": 13, "percent_covered": 0.0, "percent_covered_display": "0", "missing_lines": 13, "excluded_lines": 0, "percent_statements_covered": 0.0, "percent_statements_covered_display": "0"}, "missing_lines": [1046, 1047, 1048, 1049, 1050, 1051, 1052, 1053, 1054, 1055, 1056, 1057, 1058], "excluded_lines": [], "start_line": 1045}, "_regular_samples": {"executed_lines": [], "summary": {"covered_lines": 0, "num_statements": 16, "percent_covered": 0.0, "percent_covered_display": "0", "missing_lines": 16, "excluded_lines": 0, "percent_statements_covered": 0.0, "percent_statements_covered_display": "0"}, "missing_lines": [1065, 1066, 1067, 1068, 1069, 1070, 1073, 1074, 1075, 1076, 1077, 1078, 1079, 1080, 1081, 1082], "excluded_lines": [], "start_line": 1061}, "_offset_candidate": {"executed_lines": [], "summary": {"covered_lines": 0, "num_statements": 5, "percent_covered": 0.0, "percent_covered_display": "0", "missing_lines": 5, "excluded_lines": 0, "percent_statements_covered": 0.0, "percent_statements_covered_display": "0"}, "missing_lines": [1086, 1087, 1088, 1089, 1090], "excluded_lines": [], "start_line": 1085}, "_curb_geometry_ok": {"executed_lines": [], "summary": {"covered_lines": 0, "num_statements": 10, "percent_covered": 0.0, "percent_covered_display": "0", "missing_lines": 10, "excluded_lines": 0, "percent_statements_covered": 0.0, "percent_statements_covered_display": "0"}, "missing_lines": [1094, 1095, 1096, 1097, 1098, 1099, 1100, 1101, 1102, 1103], "excluded_lines": [], "start_line": 1093}, "_combine_lines": {"executed_lines": [], "summary": {"covered_lines": 0, "num_statements": 8, "percent_covered": 0.0, "percent_covered_display": "0", "missing_lines": 8, "excluded_lines": 0, "percent_statements_covered": 0.0, "percent_statements_covered_display": "0"}, "missing_lines": [1107, 1108, 1109, 1110, 1111, 1112, 1113, 1114], "excluded_lines": [], "start_line": 1106}, "_combine_part_results": {"executed_lines": [], "summary": {"covered_lines": 0, "num_statements": 22, "percent_covered": 0.0, "percent_covered_display": "0", "missing_lines": 22, "excluded_lines": 0, "percent_statements_covered": 0.0, "percent_statements_covered_display": "0"}, "missing_lines": [1121, 1122, 1123, 1124, 1125, 1126, 1127, 1128, 1129, 1130, 1132, 1133, 1134, 1135, 1136, 1137, 1138, 1139, 1140, 1141, 1142, 1143], "excluded_lines": [], "start_line": 1117}, "_unresolved_from_parts": {"executed_lines": [], "summary": {"covered_lines": 0, "num_statements": 2, "percent_covered": 0.0, "percent_covered_display": "0", "missing_lines": 2, "excluded_lines": 0, "percent_statements_covered": 0.0, "percent_statements_covered_display": "0"}, "missing_lines": [1164, 1165], "excluded_lines": [], "start_line": 1158}, "_unresolved_result": {"executed_lines": [], "summary": {"covered_lines": 0, "num_statements": 2, "percent_covered": 0.0, "percent_covered_display": "0", "missing_lines": 2, "excluded_lines": 0, "percent_statements_covered": 0.0, "percent_statements_covered_display": "0"}, "missing_lines": [1175, 1176], "excluded_lines": [], "start_line": 1168}, "_project_result": {"executed_lines": [], "summary": {"covered_lines": 0, "num_statements": 8, "percent_covered": 0.0, "percent_covered_display": "0", "missing_lines": 8, "excluded_lines": 0, "percent_statements_covered": 0.0, "percent_statements_covered_display": "0"}, "missing_lines": [1191, 1192, 1193, 1194, 1195, 1196, 1197, 1198], "excluded_lines": [], "start_line": 1190}, "_collect_line_parts": {"executed_lines": [], "summary": {"covered_lines": 0, "num_statements": 17, "percent_covered": 0.0, "percent_covered_display": "0", "missing_lines": 17, "excluded_lines": 0, "percent_statements_covered": 0.0, "percent_statements_covered_display": "0"}, "missing_lines": [1214, 1215, 1216, 1217, 1220, 1221, 1222, 1223, 1224, 1225, 1226, 1227, 1228, 1229, 1230, 1231, 1232], "excluded_lines": [], "start_line": 1213}, "_iter_hit_points": {"executed_lines": [], "summary": {"covered_lines": 0, "num_statements": 16, "percent_covered": 0.0, "percent_covered_display": "0", "missing_lines": 16, "excluded_lines": 0, "percent_statements_covered": 0.0, "percent_statements_covered_display": "0"}, "missing_lines": [1236, 1237, 1238, 1239, 1240, 1241, 1242, 1243, 1244, 1245, 1246, 1247, 1248, 1249, 1250, 1251], "excluded_lines": [], "start_line": 1235}, "_row_object_id": {"executed_lines": [], "summary": {"covered_lines": 0, "num_statements": 19, "percent_covered": 0.0, "percent_covered_display": "0", "missing_lines": 19, "excluded_lines": 0, "percent_statements_covered": 0.0, "percent_statements_covered_display": "0"}, "missing_lines": [1255, 1256, 1257, 1258, 1259, 1260, 1261, 1262, 1263, 1264, 1265, 1266, 1267, 1268, 1269, 1270, 1271, 1272, 1273], "excluded_lines": [], "start_line": 1254}, "_frame_object_id": {"executed_lines": [], "summary": {"covered_lines": 0, "num_statements": 17, "percent_covered": 0.0, "percent_covered_display": "0", "missing_lines": 17, "excluded_lines": 0, "percent_statements_covered": 0.0, "percent_statements_covered_display": "0"}, "missing_lines": [1277, 1278, 1279, 1280, 1281, 1282, 1283, 1284, 1285, 1286, 1287, 1288, 1289, 1290, 1291, 1292, 1293], "excluded_lines": [], "start_line": 1276}, "_owning_road": {"executed_lines": [], "summary": {"covered_lines": 0, "num_statements": 10, "percent_covered": 0.0, "percent_covered_display": "0", "missing_lines": 10, "excluded_lines": 0, "percent_statements_covered": 0.0, "percent_statements_covered_display": "0"}, "missing_lines": [1300, 1301, 1302, 1303, 1304, 1305, 1306, 1307, 1308, 1309], "excluded_lines": [], "start_line": 1296}, "_is_closed": {"executed_lines": [], "summary": {"covered_lines": 0, "num_statements": 5, "percent_covered": 0.0, "percent_covered_display": "0", "missing_lines": 5, "excluded_lines": 0, "percent_statements_covered": 0.0, "percent_statements_covered_display": "0"}, "missing_lines": [1313, 1314, 1315, 1316, 1317], "excluded_lines": [], "start_line": 1312}, "_all_finite": {"executed_lines": [], "summary": {"covered_lines": 0, "num_statements": 4, "percent_covered": 0.0, "percent_covered_display": "0", "missing_lines": 4, "excluded_lines": 0, "percent_statements_covered": 0.0, "percent_statements_covered_display": "0"}, "missing_lines": [1321, 1322, 1323, 1324], "excluded_lines": [], "start_line": 1320}, "_iter_coords": {"executed_lines": [], "summary": {"covered_lines": 0, "num_statements": 8, "percent_covered": 0.0, "percent_covered_display": "0", "missing_lines": 8, "excluded_lines": 0, "percent_statements_covered": 0.0, "percent_statements_covered_display": "0"}, "missing_lines": [1328, 1329, 1330, 1331, 1332, 1333, 1334, 1335], "excluded_lines": [], "start_line": 1327}, "_unique_warnings": {"executed_lines": [], "summary": {"covered_lines": 0, "num_statements": 8, "percent_covered": 0.0, "percent_covered_display": "0", "missing_lines": 8, "excluded_lines": 0, "percent_statements_covered": 0.0, "percent_statements_covered_display": "0"}, "missing_lines": [1339, 1340, 1341, 1342, 1343, 1344, 1345, 1346], "excluded_lines": [], "start_line": 1338}, "_as_warning_list": {"executed_lines": [], "summary": {"covered_lines": 0, "num_statements": 7, "percent_covered": 0.0, "percent_covered_display": "0", "missing_lines": 7, "excluded_lines": 0, "percent_statements_covered": 0.0, "percent_statements_covered_display": "0"}, "missing_lines": [1350, 1351, 1352, 1353, 1354, 1355, 1356], "excluded_lines": [], "start_line": 1349}, "_percentile": {"executed_lines": [], "summary": {"covered_lines": 0, "num_statements": 11, "percent_covered": 0.0, "percent_covered_display": "0", "missing_lines": 11, "excluded_lines": 0, "percent_statements_covered": 0.0, "percent_statements_covered_display": "0"}, "missing_lines": [1360, 1361, 1362, 1363, 1364, 1365, 1366, 1367, 1368, 1369, 1370], "excluded_lines": [], "start_line": 1359}, "_hypot": {"executed_lines": [], "summary": {"covered_lines": 0, "num_statements": 1, "percent_covered": 0.0, "percent_covered_display": "0", "missing_lines": 1, "excluded_lines": 0, "percent_statements_covered": 0.0, "percent_statements_covered_display": "0"}, "missing_lines": [1374], "excluded_lines": [], "start_line": 1373}, "": {"executed_lines": [], "summary": {"covered_lines": 0, "num_statements": 134, "percent_covered": 0.0, "percent_covered_display": "0", "missing_lines": 134, "excluded_lines": 0, "percent_statements_covered": 0.0, "percent_statements_covered_display": "0"}, "missing_lines": [10, 12, 13, 14, 15, 16, 17, 18, 19, 21, 22, 23, 24, 25, 26, 27, 29, 34, 35, 37, 39, 40, 41, 42, 43, 45, 46, 47, 51, 53, 54, 55, 56, 58, 59, 60, 61, 62, 63, 64, 65, 66, 68, 69, 71, 82, 83, 86, 87, 90, 91, 92, 93, 94, 95, 96, 97, 98, 99, 100, 103, 104, 107, 108, 109, 111, 130, 131, 132, 133, 134, 135, 136, 137, 138, 139, 142, 143, 144, 145, 146, 147, 148, 149, 150, 151, 152, 155, 166, 172, 181, 248, 271, 323, 413, 481, 554, 627, 706, 748, 790, 805, 845, 862, 874, 898, 920, 938, 952, 973, 986, 999, 1007, 1045, 1061, 1085, 1093, 1106, 1117, 1158, 1168, 1190, 1213, 1235, 1254, 1276, 1296, 1312, 1320, 1327, 1338, 1349, 1359, 1373], "excluded_lines": [], "start_line": 1}}, "classes": {"CurbGeometryResult": {"executed_lines": [], "summary": {"covered_lines": 0, "num_statements": 0, "percent_covered": 100.0, "percent_covered_display": "100", "missing_lines": 0, "excluded_lines": 0, "percent_statements_covered": 100.0, "percent_statements_covered_display": "100"}, "missing_lines": [], "excluded_lines": [], "start_line": 87}, "OffsetCalibration": {"executed_lines": [], "summary": {"covered_lines": 0, "num_statements": 11, "percent_covered": 0.0, "percent_covered_display": "0", "missing_lines": 11, "excluded_lines": 0, "percent_statements_covered": 0.0, "percent_statements_covered_display": "0"}, "missing_lines": [117, 118, 119, 120, 121, 122, 123, 124, 125, 126, 127], "excluded_lines": [], "start_line": 104}, "_Hit": {"executed_lines": [], "summary": {"covered_lines": 0, "num_statements": 0, "percent_covered": 100.0, "percent_covered_display": "100", "missing_lines": 0, "excluded_lines": 0, "percent_statements_covered": 100.0, "percent_statements_covered_display": "100"}, "missing_lines": [], "excluded_lines": [], "start_line": 131}, "_MeasuredTracks": {"executed_lines": [], "summary": {"covered_lines": 0, "num_statements": 0, "percent_covered": 100.0, "percent_covered_display": "100", "missing_lines": 0, "excluded_lines": 0, "percent_statements_covered": 100.0, "percent_statements_covered_display": "100"}, "missing_lines": [], "excluded_lines": [], "start_line": 143}, "": {"executed_lines": [], "summary": {"covered_lines": 0, "num_statements": 779, "percent_covered": 0.0, "percent_covered_display": "0", "missing_lines": 779, "excluded_lines": 0, "percent_statements_covered": 0.0, "percent_statements_covered_display": "0"}, "missing_lines": [10, 12, 13, 14, 15, 16, 17, 18, 19, 21, 22, 23, 24, 25, 26, 27, 29, 34, 35, 37, 39, 40, 41, 42, 43, 45, 46, 47, 51, 53, 54, 55, 56, 58, 59, 60, 61, 62, 63, 64, 65, 66, 68, 69, 71, 82, 83, 86, 87, 90, 91, 92, 93, 94, 95, 96, 97, 98, 99, 100, 103, 104, 107, 108, 109, 111, 130, 131, 132, 133, 134, 135, 136, 137, 138, 139, 142, 143, 144, 145, 146, 147, 148, 149, 150, 151, 152, 155, 157, 158, 159, 160, 161, 162, 163, 166, 167, 168, 169, 172, 174, 175, 176, 177, 178, 181, 196, 197, 198, 199, 200, 207, 208, 209, 211, 212, 213, 223, 228, 230, 244, 245, 248, 256, 257, 258, 259, 260, 261, 262, 263, 264, 268, 271, 272, 273, 274, 275, 276, 277, 278, 279, 280, 281, 282, 283, 284, 285, 286, 287, 288, 289, 290, 291, 292, 293, 294, 295, 296, 297, 298, 300, 301, 302, 310, 311, 323, 335, 336, 338, 339, 340, 341, 342, 343, 344, 345, 347, 348, 357, 358, 359, 361, 362, 363, 364, 365, 367, 369, 370, 381, 383, 384, 385, 386, 399, 413, 417, 418, 419, 420, 421, 422, 423, 425, 426, 427, 428, 429, 430, 431, 432, 433, 434, 435, 437, 438, 439, 440, 441, 442, 443, 444, 447, 451, 452, 454, 455, 456, 461, 462, 463, 464, 467, 468, 481, 491, 492, 493, 495, 496, 499, 500, 501, 502, 503, 505, 506, 512, 513, 514, 515, 516, 517, 519, 520, 523, 524, 525, 526, 527, 529, 530, 531, 532, 533, 534, 535, 536, 537, 538, 540, 541, 542, 543, 544, 546, 547, 548, 549, 550, 551, 554, 573, 574, 575, 578, 579, 580, 581, 582, 583, 584, 585, 586, 587, 588, 590, 591, 597, 598, 599, 600, 601, 602, 604, 605, 606, 607, 609, 610, 611, 612, 613, 614, 615, 616, 617, 619, 620, 621, 622, 623, 624, 627, 637, 638, 639, 640, 659, 660, 673, 674, 678, 679, 692, 706, 713, 719, 730, 731, 734, 748, 751, 752, 753, 754, 755, 756, 757, 758, 759, 760, 762, 763, 764, 765, 766, 767, 768, 769, 770, 771, 772, 773, 774, 775, 776, 777, 778, 779, 780, 781, 782, 783, 784, 785, 786, 787, 790, 791, 792, 793, 794, 796, 797, 798, 799, 800, 801, 802, 805, 813, 814, 815, 816, 817, 818, 819, 820, 821, 822, 823, 824, 825, 826, 827, 828, 829, 830, 831, 832, 842, 845, 851, 852, 853, 854, 855, 856, 857, 858, 859, 862, 863, 864, 865, 866, 867, 868, 869, 870, 871, 874, 876, 877, 878, 879, 880, 881, 882, 883, 884, 885, 895, 898, 899, 900, 901, 902, 903, 904, 905, 906, 907, 908, 909, 910, 911, 912, 913, 914, 915, 916, 917, 920, 921, 922, 923, 924, 925, 926, 927, 928, 929, 930, 931, 932, 933, 934, 935, 938, 939, 940, 941, 942, 943, 944, 945, 946, 948, 949, 952, 953, 954, 955, 956, 957, 958, 959, 960, 961, 962, 968, 969, 970, 973, 974, 975, 976, 977, 978, 979, 980, 981, 982, 983, 986, 992, 993, 994, 995, 996, 999, 1000, 1001, 1002, 1003, 1004, 1007, 1014, 1015, 1016, 1021, 1022, 1023, 1024, 1025, 1026, 1027, 1028, 1029, 1030, 1031, 1035, 1039, 1040, 1041, 1042, 1045, 1046, 1047, 1048, 1049, 1050, 1051, 1052, 1053, 1054, 1055, 1056, 1057, 1058, 1061, 1065, 1066, 1067, 1068, 1069, 1070, 1073, 1074, 1075, 1076, 1077, 1078, 1079, 1080, 1081, 1082, 1085, 1086, 1087, 1088, 1089, 1090, 1093, 1094, 1095, 1096, 1097, 1098, 1099, 1100, 1101, 1102, 1103, 1106, 1107, 1108, 1109, 1110, 1111, 1112, 1113, 1114, 1117, 1121, 1122, 1123, 1124, 1125, 1126, 1127, 1128, 1129, 1130, 1132, 1133, 1134, 1135, 1136, 1137, 1138, 1139, 1140, 1141, 1142, 1143, 1158, 1164, 1165, 1168, 1175, 1176, 1190, 1191, 1192, 1193, 1194, 1195, 1196, 1197, 1198, 1213, 1214, 1215, 1216, 1217, 1220, 1221, 1222, 1223, 1224, 1225, 1226, 1227, 1228, 1229, 1230, 1231, 1232, 1235, 1236, 1237, 1238, 1239, 1240, 1241, 1242, 1243, 1244, 1245, 1246, 1247, 1248, 1249, 1250, 1251, 1254, 1255, 1256, 1257, 1258, 1259, 1260, 1261, 1262, 1263, 1264, 1265, 1266, 1267, 1268, 1269, 1270, 1271, 1272, 1273, 1276, 1277, 1278, 1279, 1280, 1281, 1282, 1283, 1284, 1285, 1286, 1287, 1288, 1289, 1290, 1291, 1292, 1293, 1296, 1300, 1301, 1302, 1303, 1304, 1305, 1306, 1307, 1308, 1309, 1312, 1313, 1314, 1315, 1316, 1317, 1320, 1321, 1322, 1323, 1324, 1327, 1328, 1329, 1330, 1331, 1332, 1333, 1334, 1335, 1338, 1339, 1340, 1341, 1342, 1343, 1344, 1345, 1346, 1349, 1350, 1351, 1352, 1353, 1354, 1355, 1356, 1359, 1360, 1361, 1362, 1363, 1364, 1365, 1366, 1367, 1368, 1369, 1370, 1373, 1374], "excluded_lines": [], "start_line": 1}}}, "pipeline/src/parking_pipeline/curb_side.py": {"executed_lines": [], "summary": {"covered_lines": 0, "num_statements": 251, "percent_covered": 0.0, "percent_covered_display": "0", "missing_lines": 251, "excluded_lines": 0, "percent_statements_covered": 0.0, "percent_statements_covered_display": "0"}, "missing_lines": [9, 11, 12, 13, 14, 15, 16, 17, 19, 21, 30, 40, 41, 42, 53, 55, 56, 58, 59, 69, 92, 100, 109, 110, 111, 112, 113, 114, 116, 117, 118, 119, 121, 133, 134, 135, 136, 137, 138, 139, 140, 141, 142, 143, 144, 153, 156, 157, 160, 161, 162, 163, 164, 165, 166, 167, 168, 169, 170, 172, 173, 175, 177, 178, 179, 182, 183, 186, 187, 188, 189, 192, 194, 195, 196, 198, 199, 200, 201, 202, 203, 204, 215, 216, 217, 218, 219, 220, 221, 222, 224, 225, 226, 227, 228, 229, 237, 245, 246, 247, 249, 250, 262, 274, 275, 276, 277, 278, 279, 280, 281, 282, 283, 286, 288, 289, 290, 291, 292, 293, 294, 295, 296, 297, 298, 299, 305, 308, 314, 315, 316, 317, 318, 319, 320, 323, 337, 352, 353, 354, 355, 356, 357, 358, 361, 362, 363, 364, 365, 366, 367, 368, 369, 370, 371, 372, 373, 374, 375, 378, 379, 380, 381, 382, 383, 384, 385, 386, 387, 388, 389, 390, 393, 394, 395, 396, 397, 398, 399, 400, 401, 404, 405, 406, 407, 408, 409, 410, 411, 412, 413, 414, 415, 416, 417, 418, 419, 420, 421, 422, 425, 426, 427, 428, 429, 430, 431, 432, 433, 434, 435, 436, 439, 440, 441, 442, 443, 444, 445, 446, 447, 448, 449, 452, 453, 454, 455, 456, 457, 458, 461, 462, 463, 464, 465, 466, 467, 468, 469, 472, 473, 474, 475, 476, 477, 478, 479, 480, 483, 484, 488], "excluded_lines": [], "functions": {"SideSpec.needs_override": {"executed_lines": [], "summary": {"covered_lines": 0, "num_statements": 1, "percent_covered": 0.0, "percent_covered_display": "0", "missing_lines": 1, "excluded_lines": 0, "percent_statements_covered": 0.0, "percent_statements_covered_display": "0"}, "missing_lines": [175], "excluded_lines": [], "start_line": 173}, "SideSpec.selects_multiple_curbs": {"executed_lines": [], "summary": {"covered_lines": 0, "num_statements": 1, "percent_covered": 0.0, "percent_covered_display": "0", "missing_lines": 1, "excluded_lines": 0, "percent_statements_covered": 0.0, "percent_statements_covered_display": "0"}, "missing_lines": [179], "excluded_lines": [], "start_line": 178}, "parse_side": {"executed_lines": [], "summary": {"covered_lines": 0, "num_statements": 30, "percent_covered": 0.0, "percent_covered_display": "0", "missing_lines": 30, "excluded_lines": 0, "percent_statements_covered": 0.0, "percent_statements_covered_display": "0"}, "missing_lines": [194, 195, 196, 198, 199, 200, 201, 202, 203, 204, 215, 216, 217, 218, 219, 220, 221, 222, 224, 225, 226, 227, 228, 229, 237, 245, 246, 247, 249, 250], "excluded_lines": [], "start_line": 192}, "resolve_parity_side": {"executed_lines": [], "summary": {"covered_lines": 0, "num_statements": 10, "percent_covered": 0.0, "percent_covered_display": "0", "missing_lines": 10, "excluded_lines": 0, "percent_statements_covered": 0.0, "percent_statements_covered_display": "0"}, "missing_lines": [274, 275, 276, 277, 278, 279, 280, 281, 282, 283], "excluded_lines": [], "start_line": 262}, "load_curb_geometry_overrides": {"executed_lines": [], "summary": {"covered_lines": 0, "num_statements": 13, "percent_covered": 0.0, "percent_covered_display": "0", "missing_lines": 13, "excluded_lines": 0, "percent_statements_covered": 0.0, "percent_statements_covered_display": "0"}, "missing_lines": [288, 289, 290, 291, 292, 293, 294, 295, 296, 297, 298, 299, 305], "excluded_lines": [], "start_line": 286}, "override_for_row": {"executed_lines": [], "summary": {"covered_lines": 0, "num_statements": 7, "percent_covered": 0.0, "percent_covered_display": "0", "missing_lines": 7, "excluded_lines": 0, "percent_statements_covered": 0.0, "percent_statements_covered_display": "0"}, "missing_lines": [314, 315, 316, 317, 318, 319, 320], "excluded_lines": [], "start_line": 308}, "_spec": {"executed_lines": [], "summary": {"covered_lines": 0, "num_statements": 1, "percent_covered": 0.0, "percent_covered_display": "0", "missing_lines": 1, "excluded_lines": 0, "percent_statements_covered": 0.0, "percent_statements_covered_display": "0"}, "missing_lines": [337], "excluded_lines": [], "start_line": 323}, "_coerce_raw": {"executed_lines": [], "summary": {"covered_lines": 0, "num_statements": 6, "percent_covered": 0.0, "percent_covered_display": "0", "missing_lines": 6, "excluded_lines": 0, "percent_statements_covered": 0.0, "percent_statements_covered_display": "0"}, "missing_lines": [353, 354, 355, 356, 357, 358], "excluded_lines": [], "start_line": 352}, "_normalize_text": {"executed_lines": [], "summary": {"covered_lines": 0, "num_statements": 14, "percent_covered": 0.0, "percent_covered_display": "0", "missing_lines": 14, "excluded_lines": 0, "percent_statements_covered": 0.0, "percent_statements_covered_display": "0"}, "missing_lines": [362, 363, 364, 365, 366, 367, 368, 369, 370, 371, 372, 373, 374, 375], "excluded_lines": [], "start_line": 361}, "_extract_ring": {"executed_lines": [], "summary": {"covered_lines": 0, "num_statements": 12, "percent_covered": 0.0, "percent_covered_display": "0", "missing_lines": 12, "excluded_lines": 0, "percent_statements_covered": 0.0, "percent_statements_covered_display": "0"}, "missing_lines": [379, 380, 381, 382, 383, 384, 385, 386, 387, 388, 389, 390], "excluded_lines": [], "start_line": 378}, "_extra_qualifier_tags": {"executed_lines": [], "summary": {"covered_lines": 0, "num_statements": 8, "percent_covered": 0.0, "percent_covered_display": "0", "missing_lines": 8, "excluded_lines": 0, "percent_statements_covered": 0.0, "percent_statements_covered_display": "0"}, "missing_lines": [394, 395, 396, 397, 398, 399, 400, 401], "excluded_lines": [], "start_line": 393}, "_specialized_tags": {"executed_lines": [], "summary": {"covered_lines": 0, "num_statements": 18, "percent_covered": 0.0, "percent_covered_display": "0", "missing_lines": 18, "excluded_lines": 0, "percent_statements_covered": 0.0, "percent_statements_covered_display": "0"}, "missing_lines": [405, 406, 407, 408, 409, 410, 411, 412, 413, 414, 415, 416, 417, 418, 419, 420, 421, 422], "excluded_lines": [], "start_line": 404}, "_extract_directions": {"executed_lines": [], "summary": {"covered_lines": 0, "num_statements": 11, "percent_covered": 0.0, "percent_covered_display": "0", "missing_lines": 11, "excluded_lines": 0, "percent_statements_covered": 0.0, "percent_statements_covered_display": "0"}, "missing_lines": [426, 427, 428, 429, 430, 431, 432, 433, 434, 435, 436], "excluded_lines": [], "start_line": 425}, "_classify_compass": {"executed_lines": [], "summary": {"covered_lines": 0, "num_statements": 10, "percent_covered": 0.0, "percent_covered_display": "0", "missing_lines": 10, "excluded_lines": 0, "percent_statements_covered": 0.0, "percent_statements_covered_display": "0"}, "missing_lines": [440, 441, 442, 443, 444, 445, 446, 447, 448, 449], "excluded_lines": [], "start_line": 439}, "_covering_arc_len": {"executed_lines": [], "summary": {"covered_lines": 0, "num_statements": 6, "percent_covered": 0.0, "percent_covered_display": "0", "missing_lines": 6, "excluded_lines": 0, "percent_statements_covered": 0.0, "percent_statements_covered_display": "0"}, "missing_lines": [453, 454, 455, 456, 457, 458], "excluded_lines": [], "start_line": 452}, "_parity_matches": {"executed_lines": [], "summary": {"covered_lines": 0, "num_statements": 8, "percent_covered": 0.0, "percent_covered_display": "0", "missing_lines": 8, "excluded_lines": 0, "percent_statements_covered": 0.0, "percent_statements_covered_display": "0"}, "missing_lines": [462, 463, 464, 465, 466, 467, 468, 469], "excluded_lines": [], "start_line": 461}, "_unique_preserve": {"executed_lines": [], "summary": {"covered_lines": 0, "num_statements": 8, "percent_covered": 0.0, "percent_covered_display": "0", "missing_lines": 8, "excluded_lines": 0, "percent_statements_covered": 0.0, "percent_statements_covered_display": "0"}, "missing_lines": [473, 474, 475, 476, 477, 478, 479, 480], "excluded_lines": [], "start_line": 472}, "_iter_override_rows": {"executed_lines": [], "summary": {"covered_lines": 0, "num_statements": 2, "percent_covered": 0.0, "percent_covered_display": "0", "missing_lines": 2, "excluded_lines": 0, "percent_statements_covered": 0.0, "percent_statements_covered_display": "0"}, "missing_lines": [484, 488], "excluded_lines": [], "start_line": 483}, "": {"executed_lines": [], "summary": {"covered_lines": 0, "num_statements": 85, "percent_covered": 0.0, "percent_covered_display": "0", "missing_lines": 85, "excluded_lines": 0, "percent_statements_covered": 0.0, "percent_statements_covered_display": "0"}, "missing_lines": [9, 11, 12, 13, 14, 15, 16, 17, 19, 21, 30, 40, 41, 42, 53, 55, 56, 58, 59, 69, 92, 100, 109, 110, 111, 112, 113, 114, 116, 117, 118, 119, 121, 133, 134, 135, 136, 137, 138, 139, 140, 141, 142, 143, 144, 153, 156, 157, 160, 161, 162, 163, 164, 165, 166, 167, 168, 169, 170, 172, 173, 177, 178, 182, 183, 186, 187, 188, 189, 192, 262, 286, 308, 323, 352, 361, 378, 393, 404, 425, 439, 452, 461, 472, 483], "excluded_lines": [], "start_line": 1}}, "classes": {"SideSpec": {"executed_lines": [], "summary": {"covered_lines": 0, "num_statements": 2, "percent_covered": 0.0, "percent_covered_display": "0", "missing_lines": 2, "excluded_lines": 0, "percent_statements_covered": 0.0, "percent_statements_covered_display": "0"}, "missing_lines": [175, 179], "excluded_lines": [], "start_line": 157}, "CurbGeometryOverride": {"executed_lines": [], "summary": {"covered_lines": 0, "num_statements": 0, "percent_covered": 100.0, "percent_covered_display": "100", "missing_lines": 0, "excluded_lines": 0, "percent_statements_covered": 100.0, "percent_statements_covered_display": "100"}, "missing_lines": [], "excluded_lines": [], "start_line": 183}, "": {"executed_lines": [], "summary": {"covered_lines": 0, "num_statements": 249, "percent_covered": 0.0, "percent_covered_display": "0", "missing_lines": 249, "excluded_lines": 0, "percent_statements_covered": 0.0, "percent_statements_covered_display": "0"}, "missing_lines": [9, 11, 12, 13, 14, 15, 16, 17, 19, 21, 30, 40, 41, 42, 53, 55, 56, 58, 59, 69, 92, 100, 109, 110, 111, 112, 113, 114, 116, 117, 118, 119, 121, 133, 134, 135, 136, 137, 138, 139, 140, 141, 142, 143, 144, 153, 156, 157, 160, 161, 162, 163, 164, 165, 166, 167, 168, 169, 170, 172, 173, 177, 178, 182, 183, 186, 187, 188, 189, 192, 194, 195, 196, 198, 199, 200, 201, 202, 203, 204, 215, 216, 217, 218, 219, 220, 221, 222, 224, 225, 226, 227, 228, 229, 237, 245, 246, 247, 249, 250, 262, 274, 275, 276, 277, 278, 279, 280, 281, 282, 283, 286, 288, 289, 290, 291, 292, 293, 294, 295, 296, 297, 298, 299, 305, 308, 314, 315, 316, 317, 318, 319, 320, 323, 337, 352, 353, 354, 355, 356, 357, 358, 361, 362, 363, 364, 365, 366, 367, 368, 369, 370, 371, 372, 373, 374, 375, 378, 379, 380, 381, 382, 383, 384, 385, 386, 387, 388, 389, 390, 393, 394, 395, 396, 397, 398, 399, 400, 401, 404, 405, 406, 407, 408, 409, 410, 411, 412, 413, 414, 415, 416, 417, 418, 419, 420, 421, 422, 425, 426, 427, 428, 429, 430, 431, 432, 433, 434, 435, 436, 439, 440, 441, 442, 443, 444, 445, 446, 447, 448, 449, 452, 453, 454, 455, 456, 457, 458, 461, 462, 463, 464, 465, 466, 467, 468, 469, 472, 473, 474, 475, 476, 477, 478, 479, 480, 483, 484, 488], "excluded_lines": [], "start_line": 1}}}, "pipeline/src/parking_pipeline/failure_ledger.py": {"executed_lines": [], "summary": {"covered_lines": 0, "num_statements": 26, "percent_covered": 0.0, "percent_covered_display": "0", "missing_lines": 26, "excluded_lines": 0, "percent_statements_covered": 0.0, "percent_statements_covered_display": "0"}, "missing_lines": [1, 2, 4, 6, 11, 14, 15, 18, 20, 21, 22, 23, 24, 25, 26, 27, 28, 29, 32, 42, 43, 44, 45, 46, 47, 48], "excluded_lines": [], "functions": {"_ledger_path": {"executed_lines": [], "summary": {"covered_lines": 0, "num_statements": 1, "percent_covered": 0.0, "percent_covered_display": "0", "missing_lines": 1, "excluded_lines": 0, "percent_statements_covered": 0.0, "percent_statements_covered_display": "0"}, "missing_lines": [15], "excluded_lines": [], "start_line": 14}, "clear_stage": {"executed_lines": [], "summary": {"covered_lines": 0, "num_statements": 10, "percent_covered": 0.0, "percent_covered_display": "0", "missing_lines": 10, "excluded_lines": 0, "percent_statements_covered": 0.0, "percent_statements_covered_display": "0"}, "missing_lines": [20, 21, 22, 23, 24, 25, 26, 27, 28, 29], "excluded_lines": [], "start_line": 18}, "record_failure": {"executed_lines": [], "summary": {"covered_lines": 0, "num_statements": 7, "percent_covered": 0.0, "percent_covered_display": "0", "missing_lines": 7, "excluded_lines": 0, "percent_statements_covered": 0.0, "percent_statements_covered_display": "0"}, "missing_lines": [42, 43, 44, 45, 46, 47, 48], "excluded_lines": [], "start_line": 32}, "": {"executed_lines": [], "summary": {"covered_lines": 0, "num_statements": 8, "percent_covered": 0.0, "percent_covered_display": "0", "missing_lines": 8, "excluded_lines": 0, "percent_statements_covered": 0.0, "percent_statements_covered_display": "0"}, "missing_lines": [1, 2, 4, 6, 11, 14, 18, 32], "excluded_lines": [], "start_line": 1}}, "classes": {"": {"executed_lines": [], "summary": {"covered_lines": 0, "num_statements": 26, "percent_covered": 0.0, "percent_covered_display": "0", "missing_lines": 26, "excluded_lines": 0, "percent_statements_covered": 0.0, "percent_statements_covered_display": "0"}, "missing_lines": [1, 2, 4, 6, 11, 14, 15, 18, 20, 21, 22, 23, 24, 25, 26, 27, 28, 29, 32, 42, 43, 44, 45, 46, 47, 48], "excluded_lines": [], "start_line": 1}}}, "pipeline/src/parking_pipeline/fullrun.py": {"executed_lines": [3, 5, 6, 7, 8, 9, 10, 11, 12, 13, 15, 17, 19, 20, 21, 23, 31, 39, 40, 50, 52, 53, 54, 55, 56, 57, 60, 80, 88, 113, 114, 115, 116, 121, 126, 131, 132, 133, 135, 137, 138, 139, 148, 149, 154, 155, 156, 157, 162], "summary": {"covered_lines": 49, "num_statements": 103, "percent_covered": 47.57281553398058, "percent_covered_display": "48", "missing_lines": 54, "excluded_lines": 0, "percent_statements_covered": 47.57281553398058, "percent_statements_covered_display": "48"}, "missing_lines": [42, 43, 44, 45, 47, 62, 63, 64, 65, 66, 67, 68, 69, 70, 71, 72, 73, 74, 75, 76, 77, 81, 82, 83, 84, 85, 90, 91, 92, 93, 100, 101, 102, 103, 104, 105, 106, 107, 108, 109, 110, 140, 141, 142, 143, 144, 145, 146, 150, 151, 152, 158, 159, 163], "excluded_lines": [], "functions": {"_isolated_argv": {"executed_lines": [], "summary": {"covered_lines": 0, "num_statements": 5, "percent_covered": 0.0, "percent_covered_display": "0", "missing_lines": 5, "excluded_lines": 0, "percent_statements_covered": 0.0, "percent_statements_covered_display": "0"}, "missing_lines": [42, 43, 44, 45, 47], "excluded_lines": [], "start_line": 40}, "apply_refresh_env": {"executed_lines": [52, 53, 54, 55, 56, 57], "summary": {"covered_lines": 6, "num_statements": 6, "percent_covered": 100.0, "percent_covered_display": "100", "missing_lines": 0, "excluded_lines": 0, "percent_statements_covered": 100.0, "percent_statements_covered_display": "100"}, "missing_lines": [], "excluded_lines": [], "start_line": 50}, "run_module": {"executed_lines": [], "summary": {"covered_lines": 0, "num_statements": 16, "percent_covered": 0.0, "percent_covered_display": "0", "missing_lines": 16, "excluded_lines": 0, "percent_statements_covered": 0.0, "percent_statements_covered_display": "0"}, "missing_lines": [62, 63, 64, 65, 66, 67, 68, 69, 70, 71, 72, 73, 74, 75, 76, 77], "excluded_lines": [], "start_line": 60}, "_script_env": {"executed_lines": [], "summary": {"covered_lines": 0, "num_statements": 5, "percent_covered": 0.0, "percent_covered_display": "0", "missing_lines": 5, "excluded_lines": 0, "percent_statements_covered": 0.0, "percent_statements_covered_display": "0"}, "missing_lines": [81, 82, 83, 84, 85], "excluded_lines": [], "start_line": 80}, "run_script": {"executed_lines": [], "summary": {"covered_lines": 0, "num_statements": 15, "percent_covered": 0.0, "percent_covered_display": "0", "missing_lines": 15, "excluded_lines": 0, "percent_statements_covered": 0.0, "percent_statements_covered_display": "0"}, "missing_lines": [90, 91, 92, 93, 100, 101, 102, 103, 104, 105, 106, 107, 108, 109, 110], "excluded_lines": [], "start_line": 88}, "main": {"executed_lines": [114, 115, 116, 121, 126, 131, 132, 133, 135, 137, 138, 139, 148, 149, 154, 155, 156, 157], "summary": {"covered_lines": 18, "num_statements": 30, "percent_covered": 60.0, "percent_covered_display": "60", "missing_lines": 12, "excluded_lines": 0, "percent_statements_covered": 60.0, "percent_statements_covered_display": "60"}, "missing_lines": [140, 141, 142, 143, 144, 145, 146, 150, 151, 152, 158, 159], "excluded_lines": [], "start_line": 113}, "": {"executed_lines": [3, 5, 6, 7, 8, 9, 10, 11, 12, 13, 15, 17, 19, 20, 21, 23, 31, 39, 40, 50, 60, 80, 88, 113, 162], "summary": {"covered_lines": 25, "num_statements": 26, "percent_covered": 96.15384615384616, "percent_covered_display": "96", "missing_lines": 1, "excluded_lines": 0, "percent_statements_covered": 96.15384615384616, "percent_statements_covered_display": "96"}, "missing_lines": [163], "excluded_lines": [], "start_line": 1}}, "classes": {"": {"executed_lines": [3, 5, 6, 7, 8, 9, 10, 11, 12, 13, 15, 17, 19, 20, 21, 23, 31, 39, 40, 50, 52, 53, 54, 55, 56, 57, 60, 80, 88, 113, 114, 115, 116, 121, 126, 131, 132, 133, 135, 137, 138, 139, 148, 149, 154, 155, 156, 157, 162], "summary": {"covered_lines": 49, "num_statements": 103, "percent_covered": 47.57281553398058, "percent_covered_display": "48", "missing_lines": 54, "excluded_lines": 0, "percent_statements_covered": 47.57281553398058, "percent_statements_covered_display": "48"}, "missing_lines": [42, 43, 44, 45, 47, 62, 63, 64, 65, 66, 67, 68, 69, 70, 71, 72, 73, 74, 75, 76, 77, 81, 82, 83, 84, 85, 90, 91, 92, 93, 100, 101, 102, 103, 104, 105, 106, 107, 108, 109, 110, 140, 141, 142, 143, 144, 145, 146, 150, 151, 152, 158, 159, 163], "excluded_lines": [], "start_line": 1}}}, "pipeline/src/parking_pipeline/geo_cache.py": {"executed_lines": [3, 5, 6, 7, 8, 10, 12, 13, 16, 21, 30, 35, 48, 56, 68, 80, 100, 118, 135], "summary": {"covered_lines": 19, "num_statements": 96, "percent_covered": 19.791666666666668, "percent_covered_display": "20", "missing_lines": 77, "excluded_lines": 0, "percent_statements_covered": 19.791666666666668, "percent_statements_covered_display": "20"}, "missing_lines": [17, 18, 23, 24, 25, 26, 27, 31, 32, 36, 37, 38, 39, 40, 41, 42, 43, 44, 45, 49, 50, 51, 52, 53, 57, 58, 59, 60, 61, 62, 63, 64, 65, 69, 70, 71, 72, 73, 84, 85, 86, 87, 88, 89, 90, 91, 92, 93, 94, 95, 96, 97, 105, 106, 107, 108, 109, 110, 119, 120, 121, 122, 123, 124, 125, 126, 127, 128, 129, 130, 131, 132, 142, 143, 144, 145, 146], "excluded_lines": [], "functions": {"cache_enabled": {"executed_lines": [], "summary": {"covered_lines": 0, "num_statements": 2, "percent_covered": 0.0, "percent_covered_display": "0", "missing_lines": 2, "excluded_lines": 0, "percent_statements_covered": 0.0, "percent_statements_covered_display": "0"}, "missing_lines": [17, 18], "excluded_lines": [], "start_line": 16}, "file_fingerprint": {"executed_lines": [], "summary": {"covered_lines": 0, "num_statements": 5, "percent_covered": 0.0, "percent_covered_display": "0", "missing_lines": 5, "excluded_lines": 0, "percent_statements_covered": 0.0, "percent_statements_covered_display": "0"}, "missing_lines": [23, 24, 25, 26, 27], "excluded_lines": [], "start_line": 21}, "_cache_path": {"executed_lines": [], "summary": {"covered_lines": 0, "num_statements": 2, "percent_covered": 0.0, "percent_covered_display": "0", "missing_lines": 2, "excluded_lines": 0, "percent_statements_covered": 0.0, "percent_statements_covered_display": "0"}, "missing_lines": [31, 32], "excluded_lines": [], "start_line": 30}, "_load_pickle": {"executed_lines": [], "summary": {"covered_lines": 0, "num_statements": 10, "percent_covered": 0.0, "percent_covered_display": "0", "missing_lines": 10, "excluded_lines": 0, "percent_statements_covered": 0.0, "percent_statements_covered_display": "0"}, "missing_lines": [36, 37, 38, 39, 40, 41, 42, 43, 44, 45], "excluded_lines": [], "start_line": 35}, "_save_pickle": {"executed_lines": [], "summary": {"covered_lines": 0, "num_statements": 5, "percent_covered": 0.0, "percent_covered_display": "0", "missing_lines": 5, "excluded_lines": 0, "percent_statements_covered": 0.0, "percent_statements_covered_display": "0"}, "missing_lines": [49, 50, 51, 52, 53], "excluded_lines": [], "start_line": 48}, "load_street_graphs": {"executed_lines": [], "summary": {"covered_lines": 0, "num_statements": 9, "percent_covered": 0.0, "percent_covered_display": "0", "missing_lines": 9, "excluded_lines": 0, "percent_statements_covered": 0.0, "percent_statements_covered_display": "0"}, "missing_lines": [57, 58, 59, 60, 61, 62, 63, 64, 65], "excluded_lines": [], "start_line": 56}, "save_street_graphs": {"executed_lines": [], "summary": {"covered_lines": 0, "num_statements": 5, "percent_covered": 0.0, "percent_covered_display": "0", "missing_lines": 5, "excluded_lines": 0, "percent_statements_covered": 0.0, "percent_statements_covered_display": "0"}, "missing_lines": [69, 70, 71, 72, 73], "excluded_lines": [], "start_line": 68}, "load_intersection_postings": {"executed_lines": [], "summary": {"covered_lines": 0, "num_statements": 14, "percent_covered": 0.0, "percent_covered_display": "0", "missing_lines": 14, "excluded_lines": 0, "percent_statements_covered": 0.0, "percent_statements_covered_display": "0"}, "missing_lines": [84, 85, 86, 87, 88, 89, 90, 91, 92, 93, 94, 95, 96, 97], "excluded_lines": [], "start_line": 80}, "save_intersection_postings": {"executed_lines": [], "summary": {"covered_lines": 0, "num_statements": 6, "percent_covered": 0.0, "percent_covered_display": "0", "missing_lines": 6, "excluded_lines": 0, "percent_statements_covered": 0.0, "percent_statements_covered_display": "0"}, "missing_lines": [105, 106, 107, 108, 109, 110], "excluded_lines": [], "start_line": 100}, "load_road_edges": {"executed_lines": [], "summary": {"covered_lines": 0, "num_statements": 14, "percent_covered": 0.0, "percent_covered_display": "0", "missing_lines": 14, "excluded_lines": 0, "percent_statements_covered": 0.0, "percent_statements_covered_display": "0"}, "missing_lines": [119, 120, 121, 122, 123, 124, 125, 126, 127, 128, 129, 130, 131, 132], "excluded_lines": [], "start_line": 118}, "save_road_edges": {"executed_lines": [], "summary": {"covered_lines": 0, "num_statements": 5, "percent_covered": 0.0, "percent_covered_display": "0", "missing_lines": 5, "excluded_lines": 0, "percent_statements_covered": 0.0, "percent_statements_covered_display": "0"}, "missing_lines": [142, 143, 144, 145, 146], "excluded_lines": [], "start_line": 135}, "": {"executed_lines": [3, 5, 6, 7, 8, 10, 12, 13, 16, 21, 30, 35, 48, 56, 68, 80, 100, 118, 135], "summary": {"covered_lines": 19, "num_statements": 19, "percent_covered": 100.0, "percent_covered_display": "100", "missing_lines": 0, "excluded_lines": 0, "percent_statements_covered": 100.0, "percent_statements_covered_display": "100"}, "missing_lines": [], "excluded_lines": [], "start_line": 1}}, "classes": {"": {"executed_lines": [3, 5, 6, 7, 8, 10, 12, 13, 16, 21, 30, 35, 48, 56, 68, 80, 100, 118, 135], "summary": {"covered_lines": 19, "num_statements": 96, "percent_covered": 19.791666666666668, "percent_covered_display": "20", "missing_lines": 77, "excluded_lines": 0, "percent_statements_covered": 19.791666666666668, "percent_statements_covered_display": "20"}, "missing_lines": [17, 18, 23, 24, 25, 26, 27, 31, 32, 36, 37, 38, 39, 40, 41, 42, 43, 44, 45, 49, 50, 51, 52, 53, 57, 58, 59, 60, 61, 62, 63, 64, 65, 69, 70, 71, 72, 73, 84, 85, 86, 87, 88, 89, 90, 91, 92, 93, 94, 95, 96, 97, 105, 106, 107, 108, 109, 110, 119, 120, 121, 122, 123, 124, 125, 126, 127, 128, 129, 130, 131, 132, 142, 143, 144, 145, 146], "excluded_lines": [], "start_line": 1}}}, "pipeline/src/parking_pipeline/geo_indices.py": {"executed_lines": [], "summary": {"covered_lines": 0, "num_statements": 207, "percent_covered": 0.0, "percent_covered_display": "0", "missing_lines": 207, "excluded_lines": 0, "percent_statements_covered": 0.0, "percent_statements_covered_display": "0"}, "missing_lines": [3, 5, 6, 7, 8, 10, 11, 12, 13, 14, 16, 17, 18, 19, 20, 21, 22, 24, 25, 28, 31, 32, 33, 36, 37, 38, 39, 40, 41, 43, 49, 52, 53, 56, 57, 58, 59, 60, 61, 64, 65, 68, 69, 70, 71, 72, 73, 74, 77, 79, 80, 81, 82, 83, 84, 85, 86, 87, 88, 89, 90, 91, 94, 95, 96, 97, 98, 99, 100, 101, 103, 104, 105, 106, 107, 110, 111, 112, 113, 114, 115, 116, 117, 118, 121, 122, 123, 124, 125, 126, 127, 128, 129, 130, 131, 132, 137, 140, 143, 144, 145, 147, 148, 149, 150, 151, 152, 153, 155, 156, 157, 158, 159, 160, 162, 163, 164, 165, 166, 167, 169, 170, 173, 176, 177, 178, 179, 180, 183, 185, 186, 189, 190, 191, 192, 193, 194, 195, 196, 197, 200, 201, 204, 206, 209, 211, 212, 213, 214, 215, 216, 217, 218, 219, 220, 223, 224, 225, 226, 227, 228, 231, 235, 236, 237, 238, 239, 240, 241, 242, 243, 244, 245, 246, 249, 251, 252, 254, 255, 256, 257, 259, 260, 262, 263, 264, 265, 266, 267, 268, 269, 270, 271, 272, 275, 277, 278, 279, 280, 282, 283, 284, 285, 286, 288, 289, 290], "excluded_lines": [], "functions": {"geo_ready": {"executed_lines": [], "summary": {"covered_lines": 0, "num_statements": 1, "percent_covered": 0.0, "percent_covered_display": "0", "missing_lines": 1, "excluded_lines": 0, "percent_statements_covered": 0.0, "percent_statements_covered_display": "0"}, "missing_lines": [53], "excluded_lines": [], "start_line": 52}, "_geo_read_kwargs": {"executed_lines": [], "summary": {"covered_lines": 0, "num_statements": 5, "percent_covered": 0.0, "percent_covered_display": "0", "missing_lines": 5, "excluded_lines": 0, "percent_statements_covered": 0.0, "percent_statements_covered_display": "0"}, "missing_lines": [57, 58, 59, 60, 61], "excluded_lines": [], "start_line": 56}, "_geo_read_engine_label": {"executed_lines": [], "summary": {"covered_lines": 0, "num_statements": 1, "percent_covered": 0.0, "percent_covered_display": "0", "missing_lines": 1, "excluded_lines": 0, "percent_statements_covered": 0.0, "percent_statements_covered_display": "0"}, "missing_lines": [65], "excluded_lines": [], "start_line": 64}, "_merge_street_geoms": {"executed_lines": [], "summary": {"covered_lines": 0, "num_statements": 6, "percent_covered": 0.0, "percent_covered_display": "0", "missing_lines": 6, "excluded_lines": 0, "percent_statements_covered": 0.0, "percent_statements_covered_display": "0"}, "missing_lines": [69, 70, 71, 72, 73, 74], "excluded_lines": [], "start_line": 68}, "_build_street_index": {"executed_lines": [], "summary": {"covered_lines": 0, "num_statements": 13, "percent_covered": 0.0, "percent_covered_display": "0", "missing_lines": 13, "excluded_lines": 0, "percent_statements_covered": 0.0, "percent_statements_covered_display": "0"}, "missing_lines": [79, 80, 81, 82, 83, 84, 85, 86, 87, 88, 89, 90, 91], "excluded_lines": [], "start_line": 77}, "_load_tcl": {"executed_lines": [], "summary": {"covered_lines": 0, "num_statements": 12, "percent_covered": 0.0, "percent_covered_display": "0", "missing_lines": 12, "excluded_lines": 0, "percent_statements_covered": 0.0, "percent_statements_covered_display": "0"}, "missing_lines": [95, 96, 97, 98, 99, 100, 101, 103, 104, 105, 106, 107], "excluded_lines": [], "start_line": 94}, "_meta_str": {"executed_lines": [], "summary": {"covered_lines": 0, "num_statements": 8, "percent_covered": 0.0, "percent_covered_display": "0", "missing_lines": 8, "excluded_lines": 0, "percent_statements_covered": 0.0, "percent_statements_covered_display": "0"}, "missing_lines": [111, 112, 113, 114, 115, 116, 117, 118], "excluded_lines": [], "start_line": 110}, "_build_centreline_meta": {"executed_lines": [], "summary": {"covered_lines": 0, "num_statements": 12, "percent_covered": 0.0, "percent_covered_display": "0", "missing_lines": 12, "excluded_lines": 0, "percent_statements_covered": 0.0, "percent_statements_covered_display": "0"}, "missing_lines": [122, 123, 124, 125, 126, 127, 128, 129, 130, 131, 132, 137], "excluded_lines": [], "start_line": 121}, "_init_indexes": {"executed_lines": [], "summary": {"covered_lines": 0, "num_statements": 24, "percent_covered": 0.0, "percent_covered_display": "0", "missing_lines": 24, "excluded_lines": 0, "percent_statements_covered": 0.0, "percent_statements_covered_display": "0"}, "missing_lines": [143, 144, 145, 147, 148, 149, 150, 151, 152, 153, 155, 156, 157, 158, 159, 160, 162, 163, 164, 165, 166, 167, 169, 170], "excluded_lines": [], "start_line": 140}, "init_geo": {"executed_lines": [], "summary": {"covered_lines": 0, "num_statements": 5, "percent_covered": 0.0, "percent_covered_display": "0", "missing_lines": 5, "excluded_lines": 0, "percent_statements_covered": 0.0, "percent_statements_covered_display": "0"}, "missing_lines": [176, 177, 178, 179, 180], "excluded_lines": [], "start_line": 173}, "_intersection_mask": {"executed_lines": [], "summary": {"covered_lines": 0, "num_statements": 2, "percent_covered": 0.0, "percent_covered_display": "0", "missing_lines": 2, "excluded_lines": 0, "percent_statements_covered": 0.0, "percent_statements_covered_display": "0"}, "missing_lines": [185, 186], "excluded_lines": [], "start_line": 183}, "find_intersection": {"executed_lines": [], "summary": {"covered_lines": 0, "num_statements": 7, "percent_covered": 0.0, "percent_covered_display": "0", "missing_lines": 7, "excluded_lines": 0, "percent_statements_covered": 0.0, "percent_statements_covered_display": "0"}, "missing_lines": [191, 192, 193, 194, 195, 196, 197], "excluded_lines": [], "start_line": 190}, "find_intersection_ids": {"executed_lines": [], "summary": {"covered_lines": 0, "num_statements": 1, "percent_covered": 0.0, "percent_covered_display": "0", "missing_lines": 1, "excluded_lines": 0, "percent_statements_covered": 0.0, "percent_statements_covered_display": "0"}, "missing_lines": [201], "excluded_lines": [], "start_line": 200}, "get_local_street_geometry": {"executed_lines": [], "summary": {"covered_lines": 0, "num_statements": 1, "percent_covered": 0.0, "percent_covered_display": "0", "missing_lines": 1, "excluded_lines": 0, "percent_statements_covered": 0.0, "percent_statements_covered_display": "0"}, "missing_lines": [206], "excluded_lines": [], "start_line": 204}, "get_street_line_meters": {"executed_lines": [], "summary": {"covered_lines": 0, "num_statements": 10, "percent_covered": 0.0, "percent_covered_display": "0", "missing_lines": 10, "excluded_lines": 0, "percent_statements_covered": 0.0, "percent_statements_covered_display": "0"}, "missing_lines": [211, 212, 213, 214, 215, 216, 217, 218, 219, 220], "excluded_lines": [], "start_line": 209}, "_intersection_point_meters": {"executed_lines": [], "summary": {"covered_lines": 0, "num_statements": 4, "percent_covered": 0.0, "percent_covered_display": "0", "missing_lines": 4, "excluded_lines": 0, "percent_statements_covered": 0.0, "percent_statements_covered_display": "0"}, "missing_lines": [225, 226, 227, 228], "excluded_lines": [], "start_line": 224}, "_parsed_from_row_tuple": {"executed_lines": [], "summary": {"covered_lines": 0, "num_statements": 12, "percent_covered": 0.0, "percent_covered_display": "0", "missing_lines": 12, "excluded_lines": 0, "percent_statements_covered": 0.0, "percent_statements_covered_display": "0"}, "missing_lines": [235, 236, 237, 238, 239, 240, 241, 242, 243, 244, 245, 246], "excluded_lines": [], "start_line": 231}, "_intersection_lookup_pairs": {"executed_lines": [], "summary": {"covered_lines": 0, "num_statements": 19, "percent_covered": 0.0, "percent_covered_display": "0", "missing_lines": 19, "excluded_lines": 0, "percent_statements_covered": 0.0, "percent_statements_covered_display": "0"}, "missing_lines": [251, 252, 254, 255, 256, 257, 259, 260, 262, 263, 264, 265, 266, 267, 268, 269, 270, 271, 272], "excluded_lines": [], "start_line": 249}, "warm_intersection_index_from_dataframe": {"executed_lines": [], "summary": {"covered_lines": 0, "num_statements": 12, "percent_covered": 0.0, "percent_covered_display": "0", "missing_lines": 12, "excluded_lines": 0, "percent_statements_covered": 0.0, "percent_statements_covered_display": "0"}, "missing_lines": [277, 278, 279, 280, 282, 283, 284, 285, 286, 288, 289, 290], "excluded_lines": [], "start_line": 275}, "": {"executed_lines": [], "summary": {"covered_lines": 0, "num_statements": 52, "percent_covered": 0.0, "percent_covered_display": "0", "missing_lines": 52, "excluded_lines": 0, "percent_statements_covered": 0.0, "percent_statements_covered_display": "0"}, "missing_lines": [3, 5, 6, 7, 8, 10, 11, 12, 13, 14, 16, 17, 18, 19, 20, 21, 22, 24, 25, 28, 31, 32, 33, 36, 37, 38, 39, 40, 41, 43, 49, 52, 56, 64, 68, 77, 94, 110, 121, 140, 173, 183, 189, 190, 200, 204, 209, 223, 224, 231, 249, 275], "excluded_lines": [], "start_line": 1}}, "classes": {"CentrelineMeta": {"executed_lines": [], "summary": {"covered_lines": 0, "num_statements": 0, "percent_covered": 100.0, "percent_covered_display": "100", "missing_lines": 0, "excluded_lines": 0, "percent_statements_covered": 100.0, "percent_statements_covered_display": "100"}, "missing_lines": [], "excluded_lines": [], "start_line": 28}, "": {"executed_lines": [], "summary": {"covered_lines": 0, "num_statements": 207, "percent_covered": 0.0, "percent_covered_display": "0", "missing_lines": 207, "excluded_lines": 0, "percent_statements_covered": 0.0, "percent_statements_covered_display": "0"}, "missing_lines": [3, 5, 6, 7, 8, 10, 11, 12, 13, 14, 16, 17, 18, 19, 20, 21, 22, 24, 25, 28, 31, 32, 33, 36, 37, 38, 39, 40, 41, 43, 49, 52, 53, 56, 57, 58, 59, 60, 61, 64, 65, 68, 69, 70, 71, 72, 73, 74, 77, 79, 80, 81, 82, 83, 84, 85, 86, 87, 88, 89, 90, 91, 94, 95, 96, 97, 98, 99, 100, 101, 103, 104, 105, 106, 107, 110, 111, 112, 113, 114, 115, 116, 117, 118, 121, 122, 123, 124, 125, 126, 127, 128, 129, 130, 131, 132, 137, 140, 143, 144, 145, 147, 148, 149, 150, 151, 152, 153, 155, 156, 157, 158, 159, 160, 162, 163, 164, 165, 166, 167, 169, 170, 173, 176, 177, 178, 179, 180, 183, 185, 186, 189, 190, 191, 192, 193, 194, 195, 196, 197, 200, 201, 204, 206, 209, 211, 212, 213, 214, 215, 216, 217, 218, 219, 220, 223, 224, 225, 226, 227, 228, 231, 235, 236, 237, 238, 239, 240, 241, 242, 243, 244, 245, 246, 249, 251, 252, 254, 255, 256, 257, 259, 260, 262, 263, 264, 265, 266, 267, 268, 269, 270, 271, 272, 275, 277, 278, 279, 280, 282, 283, 284, 285, 286, 288, 289, 290], "excluded_lines": [], "start_line": 1}}}, "pipeline/src/parking_pipeline/geo_slice.py": {"executed_lines": [], "summary": {"covered_lines": 0, "num_statements": 526, "percent_covered": 0.0, "percent_covered_display": "0", "missing_lines": 526, "excluded_lines": 0, "percent_statements_covered": 0.0, "percent_statements_covered_display": "0"}, "missing_lines": [3, 5, 6, 7, 8, 9, 11, 12, 14, 15, 16, 17, 19, 21, 22, 23, 24, 25, 26, 27, 28, 29, 31, 32, 33, 34, 35, 37, 38, 39, 41, 50, 51, 58, 77, 78, 79, 80, 83, 84, 85, 86, 87, 88, 89, 90, 92, 93, 94, 97, 99, 100, 101, 102, 103, 104, 105, 106, 107, 108, 109, 110, 111, 112, 113, 116, 118, 119, 120, 121, 122, 125, 126, 133, 134, 141, 142, 150, 152, 153, 154, 156, 157, 161, 162, 163, 165, 166, 167, 168, 169, 170, 171, 172, 173, 174, 175, 176, 177, 180, 183, 184, 185, 186, 187, 188, 189, 190, 191, 192, 195, 201, 202, 203, 204, 205, 206, 207, 208, 210, 211, 214, 216, 220, 221, 222, 223, 226, 227, 230, 232, 233, 234, 236, 237, 238, 240, 241, 242, 243, 244, 246, 247, 248, 249, 250, 251, 252, 255, 258, 259, 262, 266, 267, 268, 269, 271, 272, 273, 274, 275, 276, 278, 279, 280, 281, 284, 288, 289, 290, 291, 292, 293, 294, 295, 296, 297, 298, 299, 300, 301, 302, 303, 304, 307, 311, 312, 313, 314, 317, 326, 327, 328, 329, 330, 331, 334, 337, 338, 339, 340, 343, 347, 348, 349, 350, 351, 352, 353, 356, 366, 367, 368, 369, 370, 371, 372, 373, 374, 375, 376, 377, 378, 381, 388, 389, 390, 391, 392, 393, 394, 395, 396, 397, 398, 399, 400, 401, 402, 405, 406, 409, 410, 411, 412, 413, 414, 415, 418, 421, 424, 425, 428, 429, 430, 431, 432, 435, 444, 452, 453, 454, 457, 460, 461, 462, 463, 466, 467, 470, 476, 486, 487, 488, 489, 492, 493, 497, 498, 507, 508, 509, 517, 518, 519, 520, 521, 525, 528, 537, 538, 539, 541, 542, 548, 549, 550, 552, 553, 554, 555, 556, 557, 560, 561, 564, 567, 568, 572, 577, 578, 579, 580, 583, 590, 591, 592, 594, 595, 596, 600, 601, 602, 603, 605, 606, 609, 610, 611, 612, 613, 615, 616, 619, 620, 624, 625, 627, 628, 629, 630, 631, 633, 634, 635, 636, 637, 638, 639, 640, 641, 642, 643, 644, 645, 646, 648, 649, 654, 655, 656, 657, 660, 665, 666, 668, 669, 670, 671, 672, 673, 675, 676, 677, 678, 681, 687, 688, 690, 691, 692, 694, 695, 696, 697, 698, 699, 705, 706, 711, 712, 719, 720, 727, 728, 736, 737, 743, 744, 751, 753, 754, 755, 757, 758, 760, 761, 763, 764, 767, 770, 774, 775, 776, 777, 778, 781, 782, 783, 784, 785, 787, 788, 789, 790, 791, 794, 795, 796, 797, 798, 801, 802, 803, 805, 806, 807, 808, 809, 810, 813, 814, 815, 819, 820, 821, 822, 823, 828, 829, 830, 832, 833, 834, 835, 836, 837, 840, 841, 842, 843, 844, 845, 848, 849, 854, 855, 856, 858, 859, 860, 861, 862, 866, 867, 868, 869, 870, 873, 874, 875, 877,
[...]
uded_lines": 0, "percent_statements_covered": 0.0, "percent_statements_covered_display": "0"}, "missing_lines": [3, 5, 6, 7, 8, 10, 11, 14, 28, 32, 37, 41, 43, 44, 48, 49, 50, 52, 53, 54, 55, 56, 59, 61, 62, 63, 64, 65, 66, 67, 70, 77, 78, 79, 80, 81, 82, 85, 87, 88, 89, 90, 91, 92, 95, 97, 98, 101, 105, 106, 107, 112, 113, 114, 115, 116, 117, 120, 122, 123, 124, 125, 126, 127, 128, 129, 132, 134, 135, 136, 137, 138, 139, 140, 141, 142, 143, 144, 147, 148, 149, 150, 151, 152, 153, 154, 155, 156, 157, 158, 159, 160, 162, 163, 164, 165, 166, 169, 170, 171, 172, 173, 179, 180, 181, 182, 183, 184, 185, 186, 187, 188, 189, 190, 193, 195, 196, 197, 198, 199, 200, 201, 203, 204, 205, 206, 207, 210, 212, 213, 214, 215, 216, 217, 218, 219, 220, 221, 222, 223, 224, 227, 228, 229, 230, 231, 232, 233, 234, 237, 239, 240, 241, 242, 243, 244, 245, 246, 247, 248, 249, 250, 251, 252, 253, 254, 255, 256, 257, 258, 259, 260, 261, 264, 269, 270, 271, 272, 273, 274, 275, 278, 287, 288, 295, 300, 301, 302, 303, 304, 305, 306, 308, 309, 310, 311, 312, 314, 315, 316, 317, 318, 320, 321, 322, 325, 326, 329, 335, 336, 337, 338, 339, 340, 341, 342, 343, 344, 345, 346, 347, 348, 349, 350, 351, 352, 353, 361, 362, 363, 364, 365, 366, 367, 368, 369, 370, 371, 372, 373, 374, 375, 376, 377, 378, 379, 380, 381, 382, 383, 384, 385, 386, 394, 395, 402, 403, 404, 405, 407, 408, 409, 410, 411, 412, 414, 415, 417, 418, 419, 421, 422, 423, 424, 425, 426, 427, 428, 429, 430, 432, 433, 434, 435, 436, 438, 439, 440, 442, 443, 444, 446, 447, 448, 450, 453, 454, 455, 456, 459, 466, 471, 472, 473, 474, 475, 479, 480, 481, 482, 483, 484, 485, 486, 487, 488, 489, 490, 496, 498, 499, 502, 504, 505, 506, 511, 512, 513, 514, 515, 518, 519, 520, 521, 522, 523, 524, 525, 526, 529, 531, 532, 533, 534, 535, 537, 538, 539, 541, 546, 547, 548, 551, 556, 557, 558, 560, 561, 562, 563, 564, 566, 567, 571, 576, 577, 578, 580, 581, 582, 583, 584, 585, 587, 588, 589, 590, 592, 593, 595, 596, 597, 598, 599, 600, 601, 602, 603, 604, 605, 606, 608, 609, 611, 612, 613, 614, 615, 617, 618, 619, 620, 621, 622, 623, 626, 627, 631, 632, 633, 635, 636, 638, 639, 640, 642, 645, 650, 656, 657, 665, 666, 667, 668, 670, 671, 673, 674, 675, 676, 677, 679, 680, 681, 682, 687, 688, 689, 691, 692, 693, 695, 698, 700, 703, 705, 706, 707, 710, 712, 713, 714, 721, 723, 724], "excluded_lines": [], "functions": {"strip_highway_leg_parenthetical": {"executed_lines": [], "summary": {"covered_lines": 0, "num_statements": 7, "percent_covered": 0.0, "percent_covered_display": "0", "missing_lines": 7, "excluded_lines": 0, "percent_statements_covered": 0.0, "percent_statements_covered_display": "0"}, "missing_lines": [61, 62, 63, 64, 65, 66, 67], "excluded_lines": [], "start_line": 59}, "strip_highway_qualifiers": {"executed_lines": [], "summary": {"covered_lines": 0, "num_statements": 6, "percent_covered": 0.0, "percent_covered_display": "0", "missing_lines": 6, "excluded_lines": 0, "percent_statements_covered": 0.0, "percent_statements_covered_display": "0"}, "missing_lines": [77, 78, 79, 80, 81, 82], "excluded_lines": [], "start_line": 70}, "strip_trailing_descriptors": {"executed_lines": [], "summary": {"covered_lines": 0, "num_statements": 6, "percent_covered": 0.0, "percent_covered_display": "0", "missing_lines": 6, "excluded_lines": 0, "percent_statements_covered": 0.0, "percent_statements_covered_display": "0"}, "missing_lines": [87, 88, 89, 90, 91, 92], "excluded_lines": [], "start_line": 85}, "normalize_highway_for_lookup": {"executed_lines": [], "summary": {"covered_lines": 0, "num_statements": 2, "percent_covered": 0.0, "percent_covered_display": "0", "missing_lines": 2, "excluded_lines": 0, "percent_statements_covered": 0.0, "percent_statements_covered_display": "0"}, "missing_lines": [97, 98], "excluded_lines": [], "start_line": 95}, "highway_leg_compass": {"executed_lines": [], "summary": {"covered_lines": 0, "num_statements": 9, "percent_covered": 0.0, "percent_covered_display": "0", "missing_lines": 9, "excluded_lines": 0, "percent_statements_covered": 0.0, "percent_statements_covered_display": "0"}, "missing_lines": [105, 106, 107, 112, 113, 114, 115, 116, 117], "excluded_lines": [], "start_line": 101}, "strip_street_suffix": {"executed_lines": [], "summary": {"covered_lines": 0, "num_statements": 8, "percent_covered": 0.0, "percent_covered_display": "0", "missing_lines": 8, "excluded_lines": 0, "percent_statements_covered": 0.0, "percent_statements_covered_display": "0"}, "missing_lines": [122, 123, 124, 125, 126, 127, 128, 129], "excluded_lines": [], "start_line": 120}, "_name_tokens": {"executed_lines": [], "summary": {"covered_lines": 0, "num_statements": 11, "percent_covered": 0.0, "percent_covered_display": "0", "missing_lines": 11, "excluded_lines": 0, "percent_statements_covered": 0.0, "percent_statements_covered_display": "0"}, "missing_lines": [134, 135, 136, 137, 138, 139, 140, 141, 142, 143, 144], "excluded_lines": [], "start_line": 132}, "_edit_distance_le1": {"executed_lines": [], "summary": {"covered_lines": 0, "num_statements": 18, "percent_covered": 0.0, "percent_covered_display": "0", "missing_lines": 18, "excluded_lines": 0, "percent_statements_covered": 0.0, "percent_statements_covered_display": "0"}, "missing_lines": [148, 149, 150, 151, 152, 153, 154, 155, 156, 157, 158, 159, 160, 162, 163, 164, 165, 166], "excluded_lines": [], "start_line": 147}, "_prefix_matches": {"executed_lines": [], "summary": {"covered_lines": 0, "num_statements": 4, "percent_covered": 0.0, "percent_covered_display": "0", "missing_lines": 4, "excluded_lines": 0, "percent_statements_covered": 0.0, "percent_statements_covered_display": "0"}, "missing_lines": [170, 171, 172, 173], "excluded_lines": [], "start_line": 169}, "_load_highway_aliases": {"executed_lines": [], "summary": {"covered_lines": 0, "num_statements": 11, "percent_covered": 0.0, "percent_covered_display": "0", "missing_lines": 11, "excluded_lines": 0, "percent_statements_covered": 0.0, "percent_statements_covered_display": "0"}, "missing_lines": [180, 181, 182, 183, 184, 185, 186, 187, 188, 189, 190], "excluded_lines": [], "start_line": 179}, "_spacing_variant_keys": {"executed_lines": [], "summary": {"covered_lines": 0, "num_statements": 12, "percent_covered": 0.0, "percent_covered_display": "0", "missing_lines": 12, "excluded_lines": 0, "percent_statements_covered": 0.0, "percent_statements_covered_display": "0"}, "missing_lines": [195, 196, 197, 198, 199, 200, 201, 203, 204, 205, 206, 207], "excluded_lines": [], "start_line": 193}, "_hyphen_spacing_variants": {"executed_lines": [], "summary": {"covered_lines": 0, "num_statements": 13, "percent_covered": 0.0, "percent_covered_display": "0", "missing_lines": 13, "excluded_lines": 0, "percent_statements_covered": 0.0, "percent_statements_covered_display": "0"}, "missing_lines": [212, 213, 214, 215, 216, 217, 218, 219, 220, 221, 222, 223, 224], "excluded_lines": [], "start_line": 210}, "_apostrophe_variants": {"executed_lines": [], "summary": {"covered_lines": 0, "num_statements": 7, "percent_covered": 0.0, "percent_covered_display": "0", "missing_lines": 7, "excluded_lines": 0, "percent_statements_covered": 0.0, "percent_statements_covered_display": "0"}, "missing_lines": [228, 229, 230, 231, 232, 233, 234], "excluded_lines": [], "start_line": 227}, "_gated_ed1_legals": {"executed_lines": [], "summary": {"covered_lines": 0, "num_statements": 23, "percent_covered": 0.0, "percent_covered_display": "0", "missing_lines": 23, "excluded_lines": 0, "percent_statements_covered": 0.0, "percent_statements_covered_display": "0"}, "missing_lines": [239, 240, 241, 242, 243, 244, 245, 246, 247, 248, 249, 250, 251, 252, 253, 254, 255, 256, 257, 258, 259, 260, 261], "excluded_lines": [], "start_line": 237}, "_expand_type_suffix_remap": {"executed_lines": [], "summary": {"covered_lines": 0, "num_statements": 7, "percent_covered": 0.0, "percent_covered_display": "0", "missing_lines": 7, "excluded_lines": 0, "percent_statements_covered": 0.0, "percent_statements_covered_display": "0"}, "missing_lines": [269, 270, 271, 272, 273, 274, 275], "excluded_lines": [], "start_line": 264}, "build_index": {"executed_lines": [], "summary": {"covered_lines": 0, "num_statements": 23, "percent_covered": 0.0, "percent_covered_display": "0", "missing_lines": 23, "excluded_lines": 0, "percent_statements_covered": 0.0, "percent_statements_covered_display": "0"}, "missing_lines": [287, 288, 295, 300, 301, 302, 303, 304, 305, 306, 308, 309, 310, 311, 312, 314, 315, 316, 317, 318, 320, 321, 322], "excluded_lines": [], "start_line": 278}, "legal_key_count": {"executed_lines": [], "summary": {"covered_lines": 0, "num_statements": 1, "percent_covered": 0.0, "percent_covered_display": "0", "missing_lines": 1, "excluded_lines": 0, "percent_statements_covered": 0.0, "percent_statements_covered_display": "0"}, "missing_lines": [326], "excluded_lines": [], "start_line": 325}, "build_index_from_csv": {"executed_lines": [], "summary": {"covered_lines": 0, "num_statements": 19, "percent_covered": 0.0, "percent_covered_display": "0", "missing_lines": 19, "excluded_lines": 0, "percent_statements_covered": 0.0, "percent_statements_covered_display": "0"}, "missing_lines": [335, 336, 337, 338, 339, 340, 341, 342, 343, 344, 345, 346, 347, 348, 349, 350, 351, 352, 353], "excluded_lines": [], "start_line": 329}, "_ensure_index": {"executed_lines": [], "summary": {"covered_lines": 0, "num_statements": 25, "percent_covered": 0.0, "percent_covered_display": "0", "missing_lines": 25, "excluded_lines": 0, "percent_statements_covered": 0.0, "percent_statements_covered_display": "0"}, "missing_lines": [362, 363, 364, 365, 366, 367, 368, 369, 370, 371, 372, 373, 374, 375, 376, 377, 378, 379, 380, 381, 382, 383, 384, 385, 386], "excluded_lines": [], "start_line": 361}, "resolve_tcl_highway": {"executed_lines": [], "summary": {"covered_lines": 0, "num_statements": 40, "percent_covered": 0.0, "percent_covered_display": "0", "missing_lines": 40, "excluded_lines": 0, "percent_statements_covered": 0.0, "percent_statements_covered_display": "0"}, "missing_lines": [402, 403, 404, 405, 407, 408, 409, 410, 411, 412, 414, 415, 417, 418, 419, 421, 422, 423, 424, 425, 426, 427, 428, 429, 430, 432, 433, 434, 435, 436, 438, 439, 440, 442, 443, 444, 446, 447, 448, 450], "excluded_lines": [], "start_line": 395}, "_freeze_context_parsed": {"executed_lines": [], "summary": {"covered_lines": 0, "num_statements": 4, "percent_covered": 0.0, "percent_covered_display": "0", "missing_lines": 4, "excluded_lines": 0, "percent_statements_covered": 0.0, "percent_statements_covered_display": "0"}, "missing_lines": [454, 455, 456, 459], "excluded_lines": [], "start_line": 453}, "_parsed_cross_streets": {"executed_lines": [], "summary": {"covered_lines": 0, "num_statements": 17, "percent_covered": 0.0, "percent_covered_display": "0", "missing_lines": 17, "excluded_lines": 0, "percent_statements_covered": 0.0, "percent_statements_covered_display": "0"}, "missing_lines": [471, 472, 473, 474, 475, 479, 480, 481, 482, 483, 484, 485, 486, 487, 488, 489, 490], "excluded_lines": [], "start_line": 466}, "highway_lookup_ambiguous": {"executed_lines": [], "summary": {"covered_lines": 0, "num_statements": 2, "percent_covered": 0.0, "percent_covered_display": "0", "missing_lines": 2, "excluded_lines": 0, "percent_statements_covered": 0.0, "percent_statements_covered_display": "0"}, "missing_lines": [498, 499], "excluded_lines": [], "start_line": 496}, "_highway_disambiguation_candidates": {"executed_lines": [], "summary": {"covered_lines": 0, "num_statements": 8, "percent_covered": 0.0, "percent_covered_display": "0", "missing_lines": 8, "excluded_lines": 0, "percent_statements_covered": 0.0, "percent_statements_covered_display": "0"}, "missing_lines": [504, 505, 506, 511, 512, 513, 514, 515], "excluded_lines": [], "start_line": 502}, "_resolved_partner_keys": {"executed_lines": [], "summary": {"covered_lines": 0, "num_statements": 8, "percent_covered": 0.0, "percent_covered_display": "0", "missing_lines": 8, "excluded_lines": 0, "percent_statements_covered": 0.0, "percent_statements_covered_display": "0"}, "missing_lines": [519, 520, 521, 522, 523, 524, 525, 526], "excluded_lines": [], "start_line": 518}, "_unique_remap_for_partner": {"executed_lines": [], "summary": {"covered_lines": 0, "num_statements": 12, "percent_covered": 0.0, "percent_covered_display": "0", "missing_lines": 12, "excluded_lines": 0, "percent_statements_covered": 0.0, "percent_statements_covered_display": "0"}, "missing_lines": [531, 532, 533, 534, 535, 537, 538, 539, 541, 546, 547, 548], "excluded_lines": [], "start_line": 529}, "_disambiguate_highway_with_crosses": {"executed_lines": [], "summary": {"covered_lines": 0, "num_statements": 50, "percent_covered": 0.0, "percent_covered_display": "0", "missing_lines": 50, "excluded_lines": 0, "percent_statements_covered": 0.0, "percent_statements_covered_display": "0"}, "missing_lines": [556, 557, 558, 560, 561, 562, 563, 564, 566, 567, 571, 576, 580, 581, 582, 583, 584, 585, 587, 588, 589, 590, 592, 593, 595, 596, 597, 598, 599, 600, 601, 602, 603, 604, 605, 606, 608, 609, 611, 612, 613, 614, 615, 617, 618, 619, 620, 621, 622, 623], "excluded_lines": [], "start_line": 551}, "_disambiguate_highway_with_crosses.add_match": {"executed_lines": [], "summary": {"covered_lines": 0, "num_statements": 2, "percent_covered": 0.0, "percent_covered_display": "0", "missing_lines": 2, "excluded_lines": 0, "percent_statements_covered": 0.0, "percent_statements_covered_display": "0"}, "missing_lines": [577, 578], "excluded_lines": [], "start_line": 576}, "_resolve_tcl_highway_with_context_cached": {"executed_lines": [], "summary": {"covered_lines": 0, "num_statements": 9, "percent_covered": 0.0, "percent_covered_display": "0", "missing_lines": 9, "excluded_lines": 0, "percent_statements_covered": 0.0, "percent_statements_covered_display": "0"}, "missing_lines": [631, 632, 633, 635, 636, 638, 639, 640, 642], "excluded_lines": [], "start_line": 627}, "resolve_tcl_highway_with_context": {"executed_lines": [], "summary": {"covered_lines": 0, "num_statements": 1, "percent_covered": 0.0, "percent_covered_display": "0", "missing_lines": 1, "excluded_lines": 0, "percent_statements_covered": 0.0, "percent_statements_covered_display": "0"}, "missing_lines": [650], "excluded_lines": [], "start_line": 645}, "intersection_resolve_tokens": {"executed_lines": [], "summary": {"covered_lines": 0, "num_statements": 18, "percent_covered": 0.0, "percent_covered_display": "0", "missing_lines": 18, "excluded_lines": 0, "percent_statements_covered": 0.0, "percent_statements_covered_display": "0"}, "missing_lines": [665, 666, 667, 668, 670, 671, 673, 679, 680, 681, 682, 687, 688, 689, 691, 692, 693, 695], "excluded_lines": [], "start_line": 657}, "intersection_resolve_tokens.add": {"executed_lines": [], "summary": {"covered_lines": 0, "num_statements": 4, "percent_covered": 0.0, "percent_covered_display": "0", "missing_lines": 4, "excluded_lines": 0, "percent_statements_covered": 0.0, "percent_statements_covered_display": "0"}, "missing_lines": [674, 675, 676, 677], "excluded_lines": [], "start_line": 673}, "tcl_lookup_key": {"executed_lines": [], "summary": {"covered_lines": 0, "num_statements": 1, "percent_covered": 0.0, "percent_covered_display": "0", "missing_lines": 1, "excluded_lines": 0, "percent_statements_covered": 0.0, "percent_statements_covered_display": "0"}, "missing_lines": [700], "excluded_lines": [], "start_line": 698}, "prefix_match_count": {"executed_lines": [], "summary": {"covered_lines": 0, "num_statements": 3, "percent_covered": 0.0, "percent_covered_display": "0", "missing_lines": 3, "excluded_lines": 0, "percent_statements_covered": 0.0, "percent_statements_covered_display": "0"}, "missing_lines": [705, 706, 707], "excluded_lines": [], "start_line": 703}, "base_remap_candidates": {"executed_lines": [], "summary": {"covered_lines": 0, "num_statements": 3, "percent_covered": 0.0, "percent_covered_display": "0", "missing_lines": 3, "excluded_lines": 0, "percent_statements_covered": 0.0, "percent_statements_covered_display": "0"}, "missing_lines": [712, 713, 714], "excluded_lines": [], "start_line": 710}, "gated_near_match_legals": {"executed_lines": [], "summary": {"covered_lines": 0, "num_statements": 2, "percent_covered": 0.0, "percent_covered_display": "0", "missing_lines": 2, "excluded_lines": 0, "percent_statements_covered": 0.0, "percent_statements_covered_display": "0"}, "missing_lines": [723, 724], "excluded_lines": [], "start_line": 721}, "": {"executed_lines": [], "summary": {"covered_lines": 0, "num_statements": 59, "percent_covered": 0.0, "percent_covered_display": "0", "missing_lines": 59, "excluded_lines": 0, "percent_statements_covered": 0.0, "percent_statements_covered_display": "0"}, "missing_lines": [3, 5, 6, 7, 8, 10, 11, 14, 28, 32, 37, 41, 43, 44, 48, 49, 50, 52, 53, 54, 55, 56, 59, 70, 85, 95, 101, 120, 132, 147, 169, 179, 193, 210, 227, 237, 264, 278, 325, 329, 361, 394, 395, 453, 466, 496, 502, 518, 529, 551, 626, 627, 645, 656, 657, 698, 703, 710, 721], "excluded_lines": [], "start_line": 1}}, "classes": {"": {"executed_lines": [], "summary": {"covered_lines": 0, "num_statements": 455, "percent_covered": 0.0, "percent_covered_display": "0", "missing_lines": 455, "excluded_lines": 0, "percent_statements_covered": 0.0, "percent_statements_covered_display": "0"}, "missing_lines": [3, 5, 6, 7, 8, 10, 11, 14, 28, 32, 37, 41, 43, 44, 48, 49, 50, 52, 53, 54, 55, 56, 59, 61, 62, 63, 64, 65, 66, 67, 70, 77, 78, 79, 80, 81, 82, 85, 87, 88, 89, 90, 91, 92, 95, 97, 98, 101, 105, 106, 107, 112, 113, 114, 115, 116, 117, 120, 122, 123, 124, 125, 126, 127, 128, 129, 132, 134, 135, 136, 137, 138, 139, 140, 141, 142, 143, 144, 147, 148, 149, 150, 151, 152, 153, 154, 155, 156, 157, 158, 159, 160, 162, 163, 164, 165, 166, 169, 170, 171, 172, 173, 179, 180, 181, 182, 183, 184, 185, 186, 187, 188, 189, 190, 193, 195, 196, 197, 198, 199, 200, 201, 203, 204, 205, 206, 207, 210, 212, 213, 214, 215, 216, 217, 218, 219, 220, 221, 222, 223, 224, 227, 228, 229, 230, 231, 232, 233, 234, 237, 239, 240, 241, 242, 243, 244, 245, 246, 247, 248, 249, 250, 251, 252, 253, 254, 255, 256, 257, 258, 259, 260, 261, 264, 269, 270, 271, 272, 273, 274, 275, 278, 287, 288, 295, 300, 301, 302, 303, 304, 305, 306, 308, 309, 310, 311, 312, 314, 315, 316, 317, 318, 320, 321, 322, 325, 326, 329, 335, 336, 337, 338, 339, 340, 341, 342, 343, 344, 345, 346, 347, 348, 349, 350, 351, 352, 353, 361, 362, 363, 364, 365, 366, 367, 368, 369, 370, 371, 372, 373, 374, 375, 376, 377, 378, 379, 380, 381, 382, 383, 384, 385, 386, 394, 395, 402, 403, 404, 405, 407, 408, 409, 410, 411, 412, 414, 415, 417, 418, 419, 421, 422, 423, 424, 425, 426, 427, 428, 429, 430, 432, 433, 434, 435, 436, 438, 439, 440, 442, 443, 444, 446, 447, 448, 450, 453, 454, 455, 456, 459, 466, 471, 472, 473, 474, 475, 479, 480, 481, 482, 483, 484, 485, 486, 487, 488, 489, 490, 496, 498, 499, 502, 504, 505, 506, 511, 512, 513, 514, 515, 518, 519, 520, 521, 522, 523, 524, 525, 526, 529, 531, 532, 533, 534, 535, 537, 538, 539, 541, 546, 547, 548, 551, 556, 557, 558, 560, 561, 562, 563, 564, 566, 567, 571, 576, 577, 578, 580, 581, 582, 583, 584, 585, 587, 588, 589, 590, 592, 593, 595, 596, 597, 598, 599, 600, 601, 602, 603, 604, 605, 606, 608, 609, 611, 612, 613, 614, 615, 617, 618, 619, 620, 621, 622, 623, 626, 627, 631, 632, 633, 635, 636, 638, 639, 640, 642, 645, 650, 656, 657, 665, 666, 667, 668, 670, 671, 673, 674, 675, 676, 677, 679, 680, 681, 682, 687, 688, 689, 691, 692, 693, 695, 698, 700, 703, 705, 706, 707, 710, 712, 713, 714, 721, 723, 724], "excluded_lines": [], "start_line": 1}}}}, "totals": {"covered_lines": 347, "num_statements": 6550, "percent_covered": 5.297709923664122, "percent_covered_display": "5", "missing_lines": 6203, "excluded_lines": 0, "percent_statements_covered": 5.297709923664122, "percent_statements_covered_display": "5"}}